-0.000  0.000 -0.000   0.004  0.088 -0.988   0.434 -0.058  0.897   0.137 -0.119 -0.128
 0.096 -0.101 -0.030  -0.012  0.064 -0.996   0.434 -0.058  0.897   0.208 -0.060 -0.025
 0.158 -0.107  0.160  -0.016  0.036 -1.000   0.434 -0.058  0.897   0.126  0.025  0.036
 0.174 -0.124  0.206  -0.004  0.020 -1.000   0.437 -0.032  0.882   0.059 -0.010 -0.019
 0.178 -0.138  0.204   0.008  0.024 -0.996   0.437 -0.032  0.882   0.058 -0.032 -0.042
 0.211 -0.172  0.227   0.008  0.020 -1.008   0.437 -0.032  0.882   0.075 -0.050 -0.037
 0.262 -0.235  0.104   0.000  0.020 -1.024   0.450 -0.014  0.882   0.091 -0.061 -0.088
 0.297 -0.296 -0.162  -0.016  0.028 -1.036   0.450 -0.014  0.882   0.094 -0.031 -0.185
 0.367 -0.259 -0.357  -0.016  0.032 -1.024   0.450 -0.014  0.882   0.135  0.052 -0.116
 0.440 -0.193 -0.208  -0.028  0.012 -1.012   0.450 -0.014  0.882   0.099  0.105  0.098
 0.388 -0.035 -0.003  -0.012  0.008 -1.020   0.455  0.006  0.889  -0.014  0.155  0.229
 0.288  0.092  0.284  -0.004 -0.012 -1.000   0.455  0.006  0.889  -0.097  0.117  0.229
 0.148  0.243  0.422  -0.004 -0.004 -0.992   0.455  0.006  0.889  -0.119  0.144  0.140
 0.095  0.381  0.559  -0.016  0.000 -0.984   0.455 -0.003  0.874  -0.038  0.156  0.115
 0.053  0.496  0.752  -0.020  0.004 -0.976   0.455 -0.003  0.874  -0.022  0.150  0.182
-0.048  0.649  0.991  -0.012 -0.004 -0.968   0.455 -0.003  0.874  -0.089  0.171  0.195
-0.218  0.741  1.263  -0.004 -0.004 -0.984   0.439 -0.012  0.887  -0.149  0.110  0.190
-0.326  0.849  1.476  -0.004  0.000 -0.980   0.439 -0.012  0.887  -0.099  0.130  0.175
-0.369  0.966  1.733   0.000  0.000 -0.980   0.439 -0.012  0.887  -0.044  0.128  0.212
-0.419  1.111  2.100   0.004 -0.008 -0.984   0.447 -0.012  0.885  -0.066  0.148  0.281
-0.525  1.234  2.390   0.016 -0.020 -0.988   0.447 -0.012  0.885  -0.137  0.112  0.185
-0.644  1.297  2.368   0.008  0.000 -0.992   0.447 -0.012  0.885  -0.113  0.084  0.011
-0.721  1.320  2.389   0.000  0.000 -0.980   0.447 -0.012  0.885  -0.084  0.068  0.047
-0.832  1.412  2.561   0.000 -0.004 -0.984   0.434 -0.014  0.880  -0.121  0.127  0.141
-1.001  1.487  2.693   0.000  0.000 -0.980   0.434 -0.014  0.880  -0.171  0.123  0.134
-1.107  1.522  2.810  -0.012 -0.004 -0.980   0.434 -0.014  0.880  -0.132  0.112  0.108
-1.174  1.564  3.011   0.000 -0.004 -0.980   0.442 -0.032  0.885  -0.100  0.095  0.112
-1.237  1.567  3.155  -0.008 -0.004 -0.988   0.442 -0.032  0.885  -0.100  0.079  0.066
-1.232  1.538  3.278  -0.004 -0.012 -0.992   0.442 -0.032  0.885  -0.061  0.040  0.024
-1.331  1.548  3.019  -0.004  0.052 -1.000   0.444 -0.020  0.891  -0.024  0.068  0.004
-1.293  1.605  3.020   0.004  0.000 -1.000   0.444 -0.020  0.891  -0.008  0.096  0.016
-1.280  1.678  3.058   0.004  0.000 -1.000   0.444 -0.020  0.891  -0.028  0.113  0.048
-1.303  1.721  3.044   0.016  0.004 -0.996   0.444 -0.014  0.876  -0.052  0.065  0.046
-1.298  1.741  3.016   0.008  0.004 -1.000   0.439 -0.014  0.876  -0.030  0.062  0.033
-1.272  1.786  2.985   0.008  0.000 -1.016   0.439 -0.014  0.876  -0.018  0.085  0.014
-1.279  1.823  2.972   0.000  0.000 -1.016   0.439 -0.014  0.876  -0.046  0.096  0.026
-1.280  1.857  2.969   0.000  0.004 -1.020   0.432 -0.020  0.887  -0.033  0.095  0.022
-1.273  1.878  2.953   0.004  0.004 -1.008   0.432 -0.020  0.887  -0.027  0.077  0.013
-1.263  1.910  2.935   0.004  0.004 -1.012   0.432 -0.020  0.887  -0.024  0.088  0.010
-1.284  1.992  2.895   0.008  0.016 -0.996   0.439 -0.017  0.887  -0.024  0.120  0.054
-1.301  2.028  2.823   0.016  0.024 -0.984   0.439 -0.017  0.887  -0.008  0.067  0.059
-1.273  1.924  2.803  -0.016  0.008 -0.992   0.439 -0.017  0.887  -0.007  0.017  0.035
-1.225  1.835  2.657  -0.016  0.004 -1.000   0.434 -0.006  0.878   0.003  0.024 -0.034
-1.185  1.798  2.566  -0.012  0.004 -0.992   0.434 -0.006  0.878   0.000  0.056  0.004
-1.146  1.745  2.576  -0.016 -0.004 -0.992   0.434 -0.006  0.878  -0.014  0.049  0.054
-1.096  1.684  2.608  -0.016 -0.012 -1.000   0.434 -0.006  0.878  -0.021  0.039  0.041
-1.102  1.666  2.549  -0.008 -0.004 -0.992   0.444 -0.003  0.885  -0.050  0.061  0.009
-1.085  1.623  2.458  -0.016 -0.004 -0.988   0.444 -0.003  0.885  -0.031  0.054 -0.020
-1.042  1.611  2.409  -0.016 -0.004 -0.984   0.444 -0.003  0.885  -0.007  0.078  0.014
-1.010  1.633  2.403  -0.008 -0.016 -0.984   0.452  0.006  0.891  -0.038  0.093  0.040
-1.049  1.674  2.300   0.000 -0.008 -0.992   0.452  0.006  0.891  -0.083  0.095 -0.014
-1.152  1.725  2.253   0.000 -0.004 -0.996   0.452  0.006  0.891  -0.132  0.107  0.046
-1.265  1.794  2.325  -0.004 -0.004 -0.980   0.439  0.003  0.882  -0.143  0.133  0.135
-1.386  1.893  2.378   0.000  0.008 -0.984   0.439  0.003  0.882  -0.129  0.154  0.169
-1.443  1.974  2.454   0.012  0.000 -0.976   0.439  0.003  0.882  -0.095  0.115  0.159
-1.443  2.022  2.533   0.008 -0.012 -0.984   0.439  0.003  0.882  -0.071  0.096  0.118
-1.439  2.056  2.699   0.004 -0.020 -0.976   0.442 -0.006  0.883  -0.083  0.094  0.125
-1.390  2.034  2.817  -0.004 -0.020 -0.980   0.442 -0.006  0.883  -0.047  0.062  0.083
-1.316  1.984  2.939  -0.008 -0.028 -0.984   0.442 -0.006  0.883  -0.042  0.045  0.058
-1.258  1.939  2.952  -0.016 -0.032 -1.004   0.437  0.003  0.891  -0.057  0.061 -0.007
-1.222  1.928  2.916  -0.012 -0.024 -1.000   0.437  0.003  0.891  -0.057  0.083 -0.015
-1.251  1.973  2.947  -0.004 -0.024 -1.000   0.437  0.003  0.891  -0.111  0.118  0.041
-1.327  2.009  3.043  -0.008 -0.016 -0.996   0.434 -0.009  0.882  -0.137  0.122  0.076
-1.349  1.992  3.333  -0.012 -0.048 -1.000   0.434 -0.009  0.882  -0.156  0.080  0.116
-1.347  2.058  3.442  -0.004 -0.040 -1.016   0.434 -0.009  0.882  -0.116  0.137  0.009
-1.334  2.182  3.452  -0.004 -0.028 -1.016   0.434 -0.009  0.882  -0.079  0.189 -0.025
-1.373  2.335  3.468   0.004 -0.008 -1.004   0.429 -0.017  0.893  -0.084  0.206  0.019
-1.433  2.436  3.557   0.000 -0.004 -0.992   0.429 -0.017  0.893  -0.097  0.176  0.098
-1.454  2.516  3.605   0.004 -0.008 -1.000   0.429 -0.017  0.893  -0.075  0.150  0.051
-1.459  2.641  3.477   0.012 -0.008 -1.004   0.424  0.000  0.891  -0.061  0.176 -0.020
-1.450  2.789  3.356   0.020 -0.008 -1.000   0.424  0.000  0.891  -0.049  0.183 -0.018
-1.424  2.938  3.201   0.032  0.000 -1.000   0.424  0.000  0.891  -0.019  0.163 -0.019
-1.427  3.009  3.058   0.028  0.000 -1.004   0.408 -0.003  0.882  -0.047  0.110 -0.029
-1.439  3.088  2.967   0.024 -0.008 -1.016   0.408 -0.003  0.882  -0.069  0.129 -0.022
-1.494  3.190  2.800   0.032  0.000 -1.016   0.408 -0.003  0.882  -0.091  0.138 -0.059
-1.532  3.231  2.636   0.036  0.000 -0.996   0.408 -0.003  0.882  -0.082  0.078 -0.063
-1.483  3.177  2.446   0.020  0.000 -1.004   0.406 -0.006  0.897  -0.011  0.025 -0.101
-1.410  3.152  2.282   0.016 -0.004 -1.000   0.406 -0.006  0.897   0.006  0.056 -0.101
-1.361  3.105  2.149   0.012 -0.008 -0.988   0.406 -0.006  0.897  -0.021  0.045 -0.099
-1.309  3.082  2.063   0.012 -0.012 -0.988   0.406  0.003  0.891  -0.024  0.063 -0.037
-1.324  3.065  1.934   0.012  0.000 -0.984   0.406  0.003  0.891  -0.058  0.069 -0.029
-1.350  3.045  1.834   0.012 -0.004 -0.984   0.406  0.003  0.891  -0.075  0.067 -0.026
-1.352  2.994  1.670   0.008  0.004 -0.984   0.403  0.006  0.885  -0.042  0.047 -0.028
-1.307  2.997  1.610   0.008  0.000 -0.996   0.403  0.006  0.885  -0.007  0.090  0.035
-1.295  2.998  1.688   0.008 -0.012 -0.988   0.403  0.006  0.885  -0.057  0.090  0.098
-1.303  2.956  1.707   0.008 -0.016 -0.976   0.403  0.006  0.885  -0.084  0.054  0.031
-1.281  2.877  1.535   0.008 -0.020 -0.996   0.411  0.029  0.893  -0.068  0.018 -0.040
-1.211  2.808  1.295   0.008 -0.008 -0.996   0.411  0.029  0.893  -0.003  0.023 -0.051
-1.112  2.770  1.128   0.008 -0.008 -1.004   0.411  0.029  0.893   0.026  0.047  0.007
-1.041  2.730  1.045   0.004 -0.008 -0.996   0.416  0.023  0.883   0.005  0.052  0.044
-1.011  2.774  1.086   0.020 -0.024 -0.996   0.416  0.023  0.883  -0.057  0.094  0.080
-1.038  2.802  1.204   0.028 -0.036 -0.996   0.416  0.023  0.883  -0.129  0.066  0.098
-1.101  2.760  1.304   0.028 -0.028 -0.988   0.421  0.017  0.878  -0.146  0.007  0.091
-1.086  2.707  1.293   0.016 -0.020 -1.004   0.421  0.017  0.878  -0.066  0.018  0.033
-0.998  2.733  1.243   0.004 -0.020 -1.004   0.421  0.017  0.878   0.000  0.109  0.003
-0.979  2.856  1.258   0.016 -0.020 -0.996   0.421  0.017  0.878  -0.055  0.171  0.054
-1.078  2.958  1.379   0.016 -0.020 -0.976   0.413  0.012  0.897  -0.154  0.155  0.107
-1.217  3.002  1.447   0.020 -0.012 -0.976   0.413  0.012  0.897  -0.176  0.102  0.099
-1.255  3.012  1.475   0.020 -0.016 -0.988   0.413  0.012  0.897  -0.105  0.074  0.057
-1.213  3.037  1.423   0.020 -0.012 -0.980   0.411  0.017  0.891  -0.031  0.085  0.036
-1.203  3.031  1.337   0.020 -0.008 -0.980   0.411  0.017  0.891  -0.051  0.061  0.024
-1.194  2.990  1.219   0.016 -0.004 -0.980   0.411  0.017  0.891  -0.045  0.039  0.011
-1.129  2.936  1.163   0.008 -0.008 -1.012   0.416  0.012  0.887  -0.005  0.043  0.019
-1.097  2.953  1.134   0.008 -0.012 -1.016   0.416  0.012  0.887  -0.035  0.101  0.021
-1.139  2.999  1.107   0.012 -0.012 -1.008   0.416  0.012  0.887  -0.097  0.121  0.018
-1.200  3.011  1.448   0.008 -0.016 -1.004   0.421  0.023  0.891  -0.122  0.100  0.358
-1.254  3.014  1.378   0.004 -0.004 -1.000   0.421  0.023  0.891  -0.096  0.101  0.081
-1.296  3.069  1.301   0.004 -0.004 -0.996   0.421  0.023  0.891  -0.086  0.143  0.073
-1.329  3.120  1.266   0.016 -0.012 -1.000   0.419  0.026  0.882  -0.099  0.121  0.082
-1.284  3.127  1.179   0.008 -0.012 -1.000   0.419  0.026  0.882  -0.033  0.099  0.041
-1.227  3.166  1.080   0.008 -0.008 -1.000   0.419  0.026  0.882  -0.012  0.126  0.044
-1.207  3.203  1.093   0.004 -0.016 -1.000   0.419  0.026  0.882  -0.057  0.135  0.104
-1.258  3.289  1.158   0.028 -0.008 -0.996   0.413  0.017  0.882  -0.102  0.132  0.137
-1.304  3.325  1.189   0.016 -0.012 -0.984   0.413  0.017  0.882  -0.108  0.115  0.093
-1.334  3.329  1.206   0.016 -0.012 -0.976   0.413  0.017  0.882  -0.096  0.088  0.083
-1.375  3.306  1.178   0.008 -0.004 -0.980   0.408  0.020  0.895  -0.093  0.080  0.093
-1.389  3.322  1.134   0.012 -0.004 -0.976   0.408  0.020  0.895  -0.069  0.105  0.079
-1.413  3.319  1.089   0.012  0.000 -0.988   0.408  0.020  0.895  -0.071  0.089  0.096
-1.448  3.325  0.993   0.024 -0.004 -0.976   0.411  0.026  0.885  -0.090  0.072  0.058
-1.525  3.314  0.886   0.016  0.000 -0.984   0.411  0.026  0.885  -0.118  0.074  0.062
-1.579  3.302  0.806   0.016 -0.004 -0.972   0.411  0.026  0.885  -0.112  0.072  0.062
-1.642  3.304  0.760   0.016  0.000 -0.968   0.411  0.026  0.885  -0.111  0.083  0.107
-1.724  3.328  0.851   0.008  0.000 -0.964   0.413  0.009  0.882  -0.126  0.120  0.137
-1.841  3.419  0.958   0.012 -0.004 -0.944   0.413  0.009  0.882  -0.165  0.168  0.134
-2.036  3.577  0.990   0.028  0.004 -0.932   0.413  0.009  0.882  -0.217  0.193  0.104
-2.204  3.749  0.850   0.016  0.012 -0.912   0.408  0.006  0.893  -0.184  0.233 -0.011
-2.421  3.980  0.483   0.008  0.024 -0.820   0.408  0.006  0.893  -0.201  0.300 -0.136
-2.966  4.097 -0.044  -0.048  0.032 -0.660   0.408  0.006  0.893  -0.460  0.372 -0.188
-3.953  4.082 -2.023  -0.068  0.108 -0.484   0.385 -0.020  0.891  -0.521  0.198 -0.661
-4.874  3.925 -4.994  -0.104  0.088 -0.272   0.385 -0.020  0.891  -0.244 -0.023 -0.774
-5.582  4.334 -7.286  -0.060  0.160 -0.048   0.385 -0.020  0.891   0.670 -0.258 -0.705
-5.031  4.489 -9.605  -0.040  0.136 -0.056   0.408  0.058  0.885   1.797 -0.337 -0.608
-3.965  4.721 -11.154  -0.016  0.128  0.036   0.408  0.058  0.885   2.443 -0.352 -0.564
-2.180  4.772 -12.339   0.004  0.092  0.060   0.408  0.058  0.885   2.996 -0.359 -0.524
-0.238  4.638 -13.810  -0.008  0.052  0.016   0.408  0.058  0.885   3.246 -0.350 -0.450
 1.452  4.140 -15.409  -0.016  0.032  0.004   0.437  0.384  0.853   3.146 -0.237 -0.375
 3.356  3.115 -17.056  -0.016  0.008  0.000   0.437  0.384  0.853   2.974 -0.149 -0.343
 5.820  2.122 -18.050  -0.016 -0.004 -0.004   0.437  0.384  0.853   2.609 -0.015 -0.331
 7.905  1.104 -19.198  -0.020 -0.012 -0.012   0.439  0.636  0.774   2.257  0.032 -0.362
 9.709  0.118 -20.509  -0.024 -0.020 -0.024   0.439  0.636  0.774   1.978  0.093 -0.395
10.952 -0.595 -21.798  -0.052 -0.024 -0.024   0.439  0.636  0.774   1.581  0.196 -0.464
12.306 -0.722 -22.570  -0.036 -0.036 -0.016   0.406  0.789  0.703   1.166  0.387 -0.624
13.941 -0.206 -21.801  -0.024 -0.044 -0.028   0.406  0.789  0.703   0.755  0.416 -0.283
14.880  0.639 -21.190  -0.064 -0.088 -0.048   0.406  0.789  0.703   0.337  0.718  0.165
15.353  2.627 -21.811  -0.152 -0.128 -0.064   0.406  0.789  0.703  -0.138  1.842 -0.284
15.353  4.867 -25.173  -0.124 -0.132 -0.100   0.326  0.795  0.709  -0.658  2.107 -2.481
13.404  7.033 -30.433   0.752 -0.268 -0.460   0.326  0.795  0.709  -2.828 -0.449 -4.410
-0.690  9.799 -35.950   0.896 -1.076 -0.752   0.326  0.795  0.709  -12.502 -5.785 -7.192
-27.276 16.093 -36.711   0.616 -0.840 -0.448   0.310  0.191  0.852  -21.402 -10.071 -7.100
-52.389 21.761 -34.422   0.024  0.180 -0.256   0.310  0.191  0.852  -19.879 -8.883 -4.767
-72.847 24.868 -31.006  -0.340  1.232 -0.492   0.310  0.191  0.852  -13.927 -7.323 -3.446
-80.513 22.044 -32.747  -0.968  2.148 -0.664   0.938 -0.815  0.568  -3.735 -5.089 -3.990
-77.292 16.328 -39.937  -1.348  2.180 -0.852   0.938 -0.815  0.568   5.107 -2.449 -5.354
-70.139  8.110 -47.400  -1.512  1.904 -1.192   0.938 -0.815  0.568   9.403 -0.969 -5.191
-63.750 -0.995 -51.572  -1.692  1.216 -1.396   0.938 -0.058  0.562   9.689 -0.925 -3.295
-56.705 -8.553 -52.141  -1.980  0.872 -1.428   1.090 -0.058  0.562   8.992  0.756 -1.010
-48.810 -12.694 -50.682  -2.200  0.360 -1.652   1.090 -0.058  0.562   7.058  3.049  0.000
-43.350 -11.405 -48.185  -2.120 -0.144 -1.888   1.090 -0.058  0.562   2.179  4.275  1.183
-40.922 -5.012 -46.023  -2.084 -0.316 -2.212   0.899  0.246  0.596  -2.662  5.341  1.584
-40.482  3.556 -44.571  -1.820 -0.116 -2.424   0.899  0.246  0.596  -5.054  5.543  1.262
-41.234 12.688 -44.712  -1.540  0.344 -2.536   0.899  0.246  0.596  -6.075  5.225 -0.216
-40.639 19.500 -45.637  -1.200  0.828 -2.652   0.571 -0.130  0.780  -3.869  4.549 -0.663
-37.657 22.261 -47.832  -0.880  1.168 -2.628   0.571 -0.130  0.780  -0.088  3.423 -0.988
-33.193 21.678 -50.420  -0.652  1.148 -2.576   0.571 -0.130  0.780   2.750  2.400 -0.800
-28.616 18.346 -52.209  -0.432  0.836 -2.504   0.571 -0.130  0.780   4.617  1.114 -0.194
-25.619 14.390 -52.666  -0.336  0.476 -2.412   0.388  0.072  0.825   4.066 -0.109  0.323
-25.012 11.897 -51.476  -0.344  0.160 -2.300   0.388  0.072  0.825   2.033 -0.931  1.159
-26.015 11.015 -49.608  -0.408  0.004 -2.156   0.388  0.072  0.825   0.049 -1.151  1.457
-28.511 11.811 -46.950  -0.416  0.016 -1.964   0.486  0.171  0.782  -1.940 -1.132  1.889
-30.826 12.284 -43.862  -0.428  0.164 -1.756   0.486  0.171  0.782  -2.502 -1.033  2.057
-32.137 12.406 -41.602  -0.420  0.344 -1.556   0.486  0.171  0.782  -1.466 -0.694  1.937
-32.107 11.569 -39.333  -0.444  0.456 -1.336   0.610 -0.055  0.801  -0.055 -0.231  1.730
-29.881 10.223 -37.916  -0.432  0.400 -1.120   0.610 -0.055  0.801   1.760  0.585  1.602
-26.406  8.970 -36.713  -0.384  0.216 -0.884   0.610 -0.055  0.801   2.410  1.445  1.420
-23.019  8.628 -34.872  -0.296  0.060 -0.600   0.610 -0.055  0.801   1.629  2.233  1.347
-20.512 10.624 -36.090  -0.200 -0.016 -0.296   0.548  0.061  0.840   1.063  2.712  1.254
-18.219 13.135 -37.343  -0.104  0.000 -0.112   0.548  0.061  0.840   0.776  2.922  0.992
-16.431 15.592 -38.919  -0.048  0.024 -0.040   0.548  0.061  0.840   0.695  2.716  0.834
-15.156 18.341 -39.884  -0.008  0.016 -0.008   0.336  0.107  0.868   0.595  2.353  0.714
-12.366 21.114 -38.993   0.032  0.000 -0.008   0.336  0.107  0.868   0.364  1.744  0.495
-10.391 23.923 -38.298   0.056  0.000  0.004   0.336  0.107  0.868  -0.012  1.165  0.338
-8.975 26.404 -37.640   0.056 -0.004  0.020   0.217  0.121  0.895  -0.215  0.601  0.296
-8.100 28.924 -36.998   0.032  0.004  0.020   0.217  0.121  0.895  -0.300  0.358  0.343
-8.845 31.668 -36.193   0.016  0.020  0.016   0.217  0.121  0.895  -0.385  0.261  0.375
-10.763 33.558 -35.865  -0.008  0.028  0.008   0.217  0.121  0.895  -0.420  0.232  0.412
-12.547 35.430 -35.468  -0.016  0.032  0.016   0.217  0.121  0.895  -0.309  0.481  0.507
-14.142 37.469 -34.940  -0.012  0.044  0.016   0.217  0.121  0.895  -0.234  0.518  0.622
-15.577 39.618 -33.947   0.004  0.040  0.020   0.217  0.121  0.895  -0.101  0.317  0.652
-17.064 41.419 -32.834   0.004  0.036  0.028   0.194  0.078  0.900   0.124  0.073  0.606
-17.935 42.988 -32.010   0.016  0.040  0.020   0.194  0.078  0.900   0.367 -0.171  0.485
-18.874 44.051 -31.605   0.008  0.040  0.020   0.194  0.078  0.900   0.660 -0.350  0.296
-19.914 44.727 -31.620   0.000  0.032  0.016   0.222  0.139  0.904   0.851 -0.386  0.079
-20.050 44.365 -33.718  -0.024  0.024  0.000   0.222  0.139  0.904   1.143 -0.262 -0.213
-19.377 43.810 -36.703  -0.020  0.004  0.000   0.222  0.139  0.904   1.373  0.043 -0.574
-18.517 43.350 -39.883  -0.048  0.004  0.008   0.222  0.139  0.904   1.491  0.306 -0.802
-16.695 42.875 -44.022  -0.052 -0.008 -0.004   0.209  0.277  0.876   1.636  0.796 -1.056
-14.596 42.417 -48.113  -0.052 -0.024  0.000   0.209  0.277  0.876   1.547  0.962 -1.113
-12.293 42.061 -51.451  -0.040 -0.040 -0.012   0.209  0.277  0.876   1.338  1.052 -0.994
-10.343 41.745 -54.536  -0.032 -0.040 -0.012   0.101  0.413  0.827   1.067  1.002 -0.972
-8.722 41.482 -57.219  -0.012 -0.020  0.000   0.101  0.413  0.827   0.843  0.855 -1.121
-7.594 40.996 -61.314  -0.136 -0.024 -0.088   0.101  0.413  0.827   0.746  0.900 -1.069
-5.288 41.319 -64.802  -0.136 -0.120 -0.508  -0.026  0.468  0.805  -0.629  1.658 -0.048
-4.917 43.960 -67.533  -0.144 -0.120 -0.508  -0.026  0.468  0.805  -3.082  1.358 -0.505
-6.674 48.315 -67.299   0.088 -0.144 -0.776  -0.026  0.468  0.805  -5.537  0.578 -0.763
-11.091 52.398 -63.849   0.320  0.068 -0.880  -0.026  0.468  0.805  -5.559 -0.923 -0.350
-17.048 53.468 -58.308   0.440  0.296 -1.028  -0.067  0.101  0.848  -3.322 -2.278 -0.057
-22.184 52.657 -53.842   0.348  0.460 -1.276  -0.067  0.101  0.848  -2.063 -2.785  0.213
-24.562 49.548 -51.438   0.308  0.544 -1.496  -0.067  0.101  0.848   0.170 -2.964  0.658
-24.974 44.241 -48.486   0.260  0.680 -1.716   0.183 -0.017  0.838   2.441 -2.803  1.734
-24.072 38.559 -46.157   0.212  0.588 -1.792   0.183 -0.017  0.838   3.110 -2.588  2.011
-22.678 33.881 -43.680  -0.020  0.384 -1.936   0.183 -0.017  0.838   2.544 -1.753  2.477
-22.798 32.514 -40.614  -0.160  0.172 -2.016   0.382  0.156  0.806   0.736 -0.943  2.619
-24.788 32.240 -36.846  -0.096  0.040 -2.120   0.382  0.156  0.806  -0.995 -1.105  2.358
-27.892 32.027 -32.329  -0.120  0.084 -2.124   0.382  0.156  0.806  -1.783 -1.455  2.501
-31.248 31.903 -27.984  -0.192  0.132 -2.164   0.382  0.156  0.806  -2.095 -1.343  2.241
-34.022 31.808 -24.616  -0.248  0.284 -2.228   0.532  0.000  0.793  -1.807 -0.985  1.662
-35.487 31.303 -22.794  -0.312  0.464 -2.304   0.532  0.000  0.793  -0.821 -0.842  0.920
-35.520 31.180 -22.523  -0.420  0.492 -2.380   0.532  0.000  0.793   0.019 -0.109  0.222
-34.473 32.118 -23.112  -0.592  0.496 -2.400   0.587 -0.090  0.776   0.400  1.057 -0.034
-32.816 34.119 -24.424  -0.508  0.408 -2.372   0.587 -0.090  0.776   0.405  2.086 -0.355
-31.174 36.238 -26.021  -0.316  0.360 -2.272   0.587 -0.090  0.776   0.271  2.172 -0.568
-29.630 38.067 -27.564  -0.172  0.324 -2.156   0.419 -0.040  0.823   0.240  1.909 -0.532
-28.546 39.368 -28.923  -0.076  0.264 -2.028   0.419 -0.040  0.823   0.113  1.350 -0.595
-27.361 38.473 -29.235   0.028  0.252 -1.876   0.419 -0.040  0.823   0.125  0.585 -0.438
-26.547 36.822 -28.891   0.084  0.236 -1.740   0.419 -0.040  0.823   0.284 -0.165 -0.116
-25.952 34.939 -28.313   0.060  0.188 -1.604   0.380 -0.009  0.838   0.215 -0.479  0.071
-25.795 33.206 -27.353   0.016  0.128 -1.472   0.380 -0.009  0.838  -0.135 -0.505  0.135
-26.077 31.929 -26.097  -0.008  0.076 -1.340   0.380 -0.009  0.838  -0.633 -0.303  0.125
-26.769 31.124 -24.692  -0.012  0.048 -1.184   0.421 -0.038  0.836  -1.080 -0.050 -0.063
-27.459 30.550 -23.631  -0.004  0.084 -1.016   0.421 -0.038  0.836  -1.165  0.098 -0.187
-27.806 30.132 -23.108  -0.004  0.112 -0.824   0.421 -0.038  0.836  -0.965  0.282 -0.292
-27.815 29.698 -22.882   0.000  0.116 -0.600   0.416 -0.118  0.878  -0.614  0.408 -0.469
-27.484 29.360 -23.605  -0.012  0.108 -0.320   0.416 -0.118  0.878  -0.264  0.449 -0.584
-26.761 28.721 -24.335  -0.008  0.044 -0.156   0.416 -0.118  0.878   0.056  0.416 -0.603
-26.544 28.723 -24.998   0.016  0.052 -0.084   0.416 -0.118  0.878  -0.018  0.176 -0.477
-26.854 29.658 -24.893   0.032  0.044 -0.024   0.398 -0.113  0.883   0.074 -0.138 -0.288
-27.486 30.494 -24.606   0.028  0.040 -0.012   0.398 -0.113  0.883   0.129 -0.442 -0.249
-28.086 31.085 -24.198   0.024  0.028 -0.008   0.398 -0.113  0.883   0.195 -0.688 -0.294
-29.404 31.487 -23.722   0.016  0.028  0.000   0.460 -0.092  0.878   0.185 -0.996 -0.320
-30.922 31.346 -23.834   0.004  0.028 -0.004   0.460 -0.092  0.878   0.173 -1.151 -0.300
-32.521 31.013 -24.297  -0.004  0.028 -0.004   0.460 -0.092  0.878   0.197 -1.196 -0.208
-34.409 30.694 -24.367  -0.004  0.028  0.000   0.568 -0.058  0.874   0.206 -1.184 -0.147
-36.921 30.513 -23.825  -0.004  0.016  0.012   0.568 -0.058  0.874   0.251 -1.151 -0.116
-38.876 30.211 -24.237  -0.012  0.020  0.004   0.568 -0.058  0.874   0.260 -1.088 -0.074
-40.444 29.832 -25.345  -0.024  0.016  0.000   0.568 -0.058  0.874   0.254 -1.019 -0.061
-41.505 29.241 -26.065  -0.032 -0.008  0.000   0.664 -0.020  0.840   0.220 -0.912 -0.099
-42.868 28.816 -26.709  -0.044 -0.008  0.008   0.664 -0.020  0.840   0.169 -0.836 -0.051
-43.969 28.344 -26.952  -0.044 -0.024  0.004   0.664 -0.020  0.840   0.005 -0.771 -0.011
-43.877 27.523 -26.025  -0.024 -0.288 -0.116   0.739 -0.009  0.814  -0.525 -0.719 -0.092
-48.138 28.511 -23.062  -0.040 -0.376 -0.320   0.739 -0.009  0.814  -4.498 -0.517 -0.371
-54.090 29.635 -20.615  -0.064  0.180 -0.468   0.739 -0.009  0.814  -5.678 -0.346 -0.557
-57.181 30.051 -19.262  -0.108  0.456 -0.756   0.757 -0.289  0.816  -3.279  0.165 -0.494
-55.979 29.492 -19.350  -0.152  0.112 -0.924   0.757 -0.289  0.816  -0.374  0.773 -0.568
-57.010 30.380 -17.577  -0.108  0.036 -1.096   0.757 -0.289  0.816  -2.365  1.320 -0.053
-58.422 31.387 -15.888   0.028  0.320 -1.184   0.757 -0.289  0.816  -2.545  1.250 -0.089
-57.317 31.458 -16.136  -0.052  0.616 -1.280   0.664 -0.387  0.818  -0.345  1.114 -0.392
-51.099 30.272 -18.912  -0.160  0.432 -1.396   0.664 -0.387  0.818   3.309  1.435 -0.549
-44.728 29.862 -21.220  -0.076  0.024 -1.528   0.664 -0.387  0.818   3.259  2.139 -0.614
-41.522 30.450 -22.375   0.076  0.008 -1.612   0.514 -0.165  0.850   0.754  1.978 -0.894
-39.479 30.707 -22.905   0.116  0.168 -1.668   0.514 -0.165  0.850   0.168  1.413 -0.720
-37.365 30.139 -23.104   0.072  0.116 -1.776   0.514 -0.165  0.850   0.502  0.875 -0.482
-36.716 29.743 -22.485   0.192  0.056 -1.844   0.406 -0.107  0.874  -0.477  0.455 -0.392
-37.404 28.688 -20.883   0.264  0.168 -1.892   0.406 -0.107  0.874  -1.152 -0.489 -0.026
-37.706 26.799 -19.641   0.208  0.328 -1.892   0.406 -0.107  0.874  -0.635 -1.146  0.164
-36.990 24.101 -18.111   0.040  0.272 -1.960   0.475 -0.142  0.844   0.281 -1.393  0.713
-36.490 21.966 -16.084  -0.016  0.200 -1.976   0.475 -0.142  0.844  -0.097 -1.000  1.018
-36.059 20.376 -14.088  -0.044  0.320 -1.972   0.475 -0.142  0.844  -0.261 -0.639  1.211
-34.656 18.931 -12.507  -0.088  0.412 -1.900   0.475 -0.142  0.844   0.530 -0.399  1.396
-31.926 17.521 -10.861  -0.160  0.328 -1.864   0.556 -0.176  0.831   1.593 -0.044  1.612
-29.315 16.803 -9.356  -0.112  0.224 -1.792   0.556 -0.176  0.831   1.414  0.443  1.313
-27.156 16.384 -8.087  -0.064  0.204 -1.696   0.556 -0.176  0.831   1.085  0.547  1.005
-25.146 15.936 -7.450  -0.052  0.188 -1.568   0.527 -0.101  0.844   1.003  0.394  0.700
-23.393 15.293 -7.104  -0.088  0.124 -1.488   0.527 -0.101  0.844   0.825  0.250  0.288
-22.480 14.883 -6.886  -0.100  0.068 -1.380   0.527 -0.101  0.844   0.108  0.386 -0.128
-22.161 14.725 -7.101  -0.076  0.120 -1.292   0.506 -0.078  0.831  -0.331  0.469 -0.397
-21.685 14.726 -8.020  -0.092  0.208 -1.176   0.506 -0.078  0.831  -0.078  0.586 -0.661
-20.208 14.781 -9.189  -0.092  0.196 -1.080   0.506 -0.078  0.831   0.769  0.772 -0.661
-18.244 14.994 -10.121  -0.116  0.120 -0.968   0.506 -0.078  0.831   1.091  1.115 -0.566
-16.495 15.664 -11.406  -0.116  0.120 -0.844   0.444 -0.017  0.850   0.901  1.435 -0.465
-14.711 16.588 -12.286  -0.100  0.100 -0.844   0.444 -0.017  0.850   0.866  1.714 -0.263
-12.447 17.574 -13.479  -0.064  0.140 -0.676   0.444 -0.017  0.850   1.411  1.787 -0.086
-9.710 18.656 -15.639  -0.036  0.128 -0.528   0.307  0.107  0.867   1.773  1.736  0.042
-6.923 19.473 -17.676  -0.024  0.080 -0.384   0.307  0.107  0.867   1.806  1.705  0.064
-4.227 20.048 -19.667  -0.020  0.044 -0.232   0.307  0.107  0.867   1.777  1.659  0.087
-1.512 20.690 -22.536  -0.016  0.032 -0.120   0.173  0.275  0.838   1.823  1.564  0.087
 0.831 20.754 -25.259  -0.008  0.020 -0.064   0.173  0.275  0.838   1.761  1.097  0.070
 3.184 20.938 -27.493   0.004  0.012 -0.040   0.173  0.275  0.838   1.645  1.148  0.040
 5.298 21.194 -29.550   0.012  0.020 -0.048   0.173  0.275  0.838   1.531  0.921 -0.014
 7.528 20.659 -32.124   0.008  0.012 -0.136   0.080  0.396  0.820   1.392  0.888 -0.063
 9.037 20.165 -34.196   0.008 -0.032 -0.268   0.080  0.396  0.820   0.686  0.932 -0.167
10.173 20.070 -36.618  -0.008  0.020 -0.388   0.080  0.396  0.820   0.484  1.010 -0.211
11.336 20.080 -38.985   0.020  0.048 -0.508   0.008  0.462  0.799   0.439  1.000 -0.108
11.829 20.417 -41.064   0.004 -0.092 -0.704   0.008  0.462  0.799  -0.482  1.124 -0.150
11.047 22.091 -42.716   0.024 -0.036 -0.804   0.008  0.462  0.799  -1.876  1.224 -0.232
 9.834 24.653 -44.295   0.084  0.116 -0.884  -0.080  0.361  0.797  -2.496  1.241 -0.210
 9.251 26.430 -45.731   0.140  0.228 -0.948  -0.080  0.361  0.797  -1.714  0.972 -0.088
 9.501 26.893 -47.148   0.188  0.240 -1.036  -0.080  0.361  0.797  -0.530  0.598  0.126
10.050 26.170 -48.616   0.216  0.204 -1.128  -0.129  0.295  0.812   0.220  0.073  0.270
10.197 24.574 -49.664   0.244  0.172 -1.204  -0.129  0.295  0.812   0.543 -0.593  0.382
 9.815 22.403 -50.238   0.240  0.124 -1.272  -0.129  0.295  0.812   0.632 -1.169  0.588
 8.817 20.233 -50.485   0.196  0.080 -1.336  -0.129  0.295  0.812   0.326 -1.507  0.799
 7.393 18.458 -50.077   0.124  0.076 -1.368  -0.018  0.344  0.812   0.000 -1.553  0.997
 5.826 17.002 -49.572   0.076  0.112 -1.392  -0.018  0.344  0.812  -0.237 -1.427  1.220
 4.471 15.615 -49.054   0.040  0.144 -1.432  -0.018  0.344  0.812  -0.126 -1.316  1.407
 3.231 14.319 -47.821   0.008  0.132 -1.464   0.150  0.324  0.797  -0.053 -1.169  1.492
 2.041 13.324 -46.740  -0.028  0.124 -1.488   0.150  0.324  0.797  -0.243 -0.986  1.496
 0.896 12.623 -45.867  -0.056  0.148 -1.488   0.150  0.324  0.797  -0.383 -0.818  1.447
-0.169 12.107 -44.654  -0.068  0.172 -1.500   0.261  0.298  0.812  -0.413 -0.616  1.368
-1.040 11.772 -43.623  -0.064  0.184 -1.488   0.261  0.298  0.812  -0.413 -0.428  1.293
-1.769 11.728 -42.729  -0.080  0.184 -1.472   0.261  0.298  0.812  -0.513 -0.169  1.269
-2.289 11.877 -41.825  -0.080  0.176 -1.420   0.261  0.298  0.812  -0.514  0.066  1.344
-2.619 12.190 -40.457  -0.052  0.164 -1.376   0.318  0.251  0.816  -0.503  0.305  1.438
-2.921 12.628 -38.886  -0.024  0.140 -1.308   0.318  0.251  0.816  -0.568  0.386  1.519
-3.382 13.159 -37.180  -0.004  0.100 -1.252   0.318  0.251  0.816  -0.776  0.374  1.545
-4.120 13.721 -35.102   0.008  0.100 -1.172   0.336  0.173  0.814  -0.953  0.314  1.518
-4.965 14.203 -33.247   0.024  0.108 -1.096   0.336  0.173  0.814  -1.025  0.209  1.448
-5.886 14.545 -31.543   0.024  0.108 -1.028   0.336  0.173  0.814  -1.031  0.093  1.371
-7.025 14.671 -29.451   0.028  0.088 -0.968   0.346  0.092  0.844  -1.075 -0.071  1.239
-8.264 14.665 -27.612   0.036  0.076 -0.916   0.346  0.092  0.844  -1.190 -0.224  1.087
-9.621 14.498 -26.034   0.028  0.080 -0.848   0.346  0.092  0.844  -1.247 -0.375  0.946
-11.180 14.097 -23.882   0.016  0.068 -0.788   0.403 -0.035  0.857  -1.322 -0.496  0.819
-12.816 13.633 -21.874   0.024  0.064 -0.732   0.403 -0.035  0.857  -1.429 -0.578  0.747
-14.561 13.095 -19.954   0.012  0.056 -0.684   0.403 -0.035  0.857  -1.584 -0.626  0.708
-16.305 12.504 -18.211   0.004  0.064 -0.660   0.403 -0.035  0.857  -1.631 -0.642  0.696
-18.085 11.816 -15.965   0.008  0.072 -0.636   0.475 -0.173  0.846  -1.634 -0.621  0.703
-19.727 11.099 -13.884   0.000  0.080 -0.620   0.475 -0.173  0.846  -1.589 -0.566  0.718
-21.201 10.400 -11.912  -0.004  0.084 -0.636   0.475 -0.173  0.846  -1.533 -0.484  0.741
-22.657  9.683 -9.511   0.000  0.088 -0.652   0.522 -0.332  0.850  -1.533 -0.374  0.757
-23.981  8.996 -7.219  -0.004  0.092 -0.684   0.522 -0.332  0.850  -1.505 -0.282  0.760
-25.153  8.402 -5.050  -0.004  0.092 -0.748   0.522 -0.332  0.850  -1.469 -0.153  0.727
-26.348  7.779 -2.623  -0.020  0.096 -0.780   0.545 -0.457  0.833  -1.465 -0.010  0.667
-27.454  7.275 -0.390  -0.020  0.100 -0.836   0.545 -0.457  0.833  -1.456  0.130  0.589
-28.334  6.634  1.276  -0.016  0.112 -0.888   0.545 -0.457  0.833  -1.341  0.017  0.296
-28.946  5.964  2.487  -0.036  0.104 -0.968   0.545 -0.457  0.833  -1.182  0.038 -0.063
-29.413  5.712  3.258  -0.036  0.100 -1.032   0.535 -0.569  0.821  -1.039  0.443 -0.613
-29.761  6.077  3.412  -0.036  0.100 -1.032   0.535 -0.569  0.821  -0.920  0.982 -1.119
-30.008  6.781  3.083  -0.040  0.116 -1.080   0.535 -0.569  0.821  -0.807  1.294 -1.516
-30.147  7.481  2.539   0.000  0.124 -1.124   0.491 -0.607  0.840  -0.674  1.264 -1.783
-30.200  7.914  1.577   0.052  0.128 -1.164   0.491 -0.607  0.840  -0.600  0.960 -2.129
-30.137  7.951  0.229   0.100  0.128 -1.196   0.491 -0.607  0.840  -0.503  0.545 -2.460
-29.892  7.941 -1.916   0.128  0.148 -1.236   0.496 -0.564  0.846  -0.345  0.444 -3.073
-29.414  7.675 -4.020   0.148  0.160 -1.276   0.496 -0.564  0.846  -0.119  0.200 -3.053
-28.860  7.013 -6.189   0.176  0.148 -1.308   0.496 -0.564  0.846  -0.016 -0.185 -3.166
-28.470  5.992 -8.251   0.160  0.140 -1.332   0.496 -0.564  0.846  -0.105 -0.505 -3.164
-28.117  4.933 -10.438   0.128  0.124 -1.348   0.581 -0.471  0.840  -0.184 -0.604 -3.139
-27.712  3.888 -12.527   0.072  0.136 -1.344   0.581 -0.471  0.840  -0.115 -0.533 -3.106
-27.100  3.041 -14.545   0.040  0.156 -1.340   0.581 -0.471  0.840   0.063 -0.303 -3.075
-26.304  2.579 -16.710   0.008  0.156 -1.332   0.669 -0.361  0.840   0.114  0.001 -2.984
-25.469  2.368 -18.680  -0.024  0.160 -1.296   0.669 -0.361  0.840   0.108  0.266 -2.869
-24.471  2.530 -20.274  -0.048  0.168 -1.268   0.669 -0.361  0.840   0.159  0.662 -2.577
-23.286  3.067 -21.571  -0.028  0.144 -1.236   0.641 -0.217  0.848   0.185  0.919 -2.077
-22.263  3.612 -22.237   0.004  0.112 -1.208   0.641 -0.217  0.848   0.048  0.854 -1.617
-21.414  4.132 -22.527   0.012  0.096 -1.168   0.641 -0.217  0.848  -0.072  0.785 -1.335
-20.646  4.642 -22.450   0.012  0.096 -1.116   0.641 -0.217  0.848  -0.104  0.768 -1.017
-19.853  5.150 -22.266   0.032  0.120 -1.056   0.587 -0.168  0.859  -0.011  0.729 -0.757
-19.020  5.558 -21.858   0.040  0.116 -1.008   0.587 -0.168  0.859   0.088  0.662 -0.548
-18.186  5.872 -21.342   0.044  0.108 -0.956   0.587 -0.168  0.859   0.148  0.589 -0.444
-17.303  6.096 -20.905   0.036  0.116 -0.888   0.537 -0.139  0.872   0.268  0.531 -0.370
-16.298  6.272 -20.508   0.028  0.124 -0.832   0.537 -0.139  0.872   0.441  0.546 -0.323
-15.214  6.467 -20.094   0.036  0.112 -0.784   0.537 -0.139  0.872   0.529  0.572 -0.306
-14.048  6.756 -19.873   0.032  0.088 -0.728   0.483 -0.069  0.865   0.555  0.641 -0.281
-12.868  7.253 -19.590   0.016  0.088 -0.668   0.483 -0.069  0.865   0.556  0.865 -0.162
-11.653  7.902 -19.100   0.008  0.080 -0.628   0.483 -0.069  0.865   0.570  1.042  0.037
-10.411  8.550 -18.462   0.008  0.068 -0.600   0.483 -0.069  0.865   0.612  1.075  0.153
-9.219  9.237 -17.947   0.012  0.052 -0.572   0.403 -0.014  0.870   0.552  1.068  0.251
-8.221  9.959 -17.371   0.020  0.052 -0.568   0.403 -0.014  0.870   0.430  1.046  0.299
-7.444 10.633 -16.786   0.032  0.064 -0.596   0.403 -0.014  0.870   0.326  0.937  0.350
-6.710 11.194 -16.465   0.028  0.068 -0.632   0.315  0.020  0.883   0.319  0.835  0.421
-6.016 11.594 -16.162   0.028  0.084 -0.672   0.315  0.020  0.883   0.374  0.710  0.499
-5.289 11.965 -15.920   0.020  0.100 -0.732   0.315  0.020  0.883   0.421  0.703  0.532
-4.408 12.425 -16.109   0.020  0.100 -0.772   0.261  0.066  0.863   0.494  0.783  0.539
-3.505 12.996 -16.302   0.024  0.108 -0.824   0.261  0.066  0.863   0.534  0.931  0.543
-2.608 13.651 -16.540   0.016  0.116 -0.892   0.261  0.066  0.863   0.522  1.050  0.536
-1.730 14.414 -16.798   0.012  0.124 -0.944   0.261  0.066  0.863   0.493  1.176  0.540
-0.741 15.249 -17.474   0.032  0.128 -1.004   0.186  0.098  0.857   0.510  1.215  0.545
 0.307 15.966 -18.084   0.064  0.132 -1.044   0.186  0.098  0.857   0.589  1.141  0.507
 1.355 16.458 -18.618   0.068  0.120 -1.108   0.186  0.098  0.857   0.634  1.014  0.496
 2.410 16.727 -19.642   0.096  0.108 -1.148   0.109  0.153  0.855   0.600  0.778  0.481
 3.160 16.711 -20.480   0.108  0.100 -1.200   0.109  0.153  0.855   0.444  0.498  0.485
 3.259 16.601 -21.103   0.108  0.104 -1.256   0.109  0.153  0.855  -0.021  0.254  0.503
 3.464 16.255 -21.905   0.100  0.112 -1.304   0.106  0.188  0.827   0.118  0.088  0.525
 3.455 15.816 -22.619   0.088  0.132 -1.336   0.106  0.188  0.827   0.011 -0.055  0.597
 3.412 15.310 -23.304   0.064  0.152 -1.380   0.106  0.188  0.827   0.034 -0.119  0.688
 3.433 14.777 -23.975   0.040  0.164 -1.404   0.106  0.188  0.827   0.116 -0.116  0.773
 3.627 14.246 -24.499   0.012  0.176 -1.412   0.129  0.179  0.829   0.296 -0.028  0.890
 4.020 13.770 -24.983  -0.004  0.192 -1.428   0.129  0.179  0.829   0.439  0.095  1.025
 4.493 13.436 -25.346  -0.008  0.192 -1.436   0.129  0.179  0.829   0.491  0.231  1.126
 4.997 13.239 -25.599  -0.008  0.172 -1.416   0.152  0.228  0.833   0.443  0.366  1.200
 5.431 13.167 -25.722  -0.012  0.152 -1.396   0.152  0.228  0.833   0.344  0.460  1.278
 5.801 13.195 -25.758  -0.004  0.144 -1.360   0.152  0.228  0.833   0.267  0.517  1.313
 6.116 13.268 -25.817   0.000  0.140 -1.332   0.150  0.249  0.816   0.209  0.530  1.316
 6.360 13.344 -25.849   0.004  0.136 -1.284   0.150  0.249  0.816   0.170  0.519  1.317
 6.577 13.398 -25.886   0.012  0.140 -1.252   0.150  0.249  0.816   0.169  0.486  1.297
 6.772 13.419 -25.947   0.020  0.140 -1.204   0.147  0.254  0.825   0.170  0.442  1.278
 6.920 13.400 -25.952   0.032  0.136 -1.160   0.147  0.254  0.825   0.154  0.383  1.287
 7.026 13.326 -25.910   0.028  0.116 -1.100   0.147  0.254  0.825   0.130  0.341  1.306
 7.071 13.205 -25.808   0.036  0.112 -1.032   0.147  0.254  0.825   0.109  0.266  1.326
 7.053 12.993 -25.695   0.028  0.092 -0.972   0.155  0.280  0.831   0.076  0.185  1.339
 6.977 12.736 -25.511   0.032  0.076 -0.912   0.155  0.280  0.831   0.036  0.124  1.358
 6.757 12.448 -25.351   0.028  0.092 -0.844   0.155  0.280  0.831  -0.022  0.022  1.360
 6.394 12.077 -24.992   0.020  0.080 -0.768   0.194  0.269  0.821  -0.079 -0.075  1.370
 5.974 11.652 -24.607   0.024  0.068 -0.708   0.194  0.269  0.821  -0.119 -0.160  1.358
 5.474 11.196 -24.253   0.020  0.068 -0.648   0.194  0.269  0.821  -0.160 -0.234  1.354
 4.886 10.709 -23.896   0.008  0.060 -0.600   0.194  0.246  0.835  -0.222 -0.275  1.346
 4.165 10.244 -23.327   0.004  0.060 -0.552   0.256  0.246  0.835  -0.298 -0.301  1.346
 3.061  9.977 -22.712   0.004  0.056 -0.504   0.256  0.246  0.835  -0.680 -0.296  1.349
 2.268  9.611 -22.099   0.008  0.044 -0.476   0.256  0.246  0.835  -0.460 -0.297  1.349
 1.322  9.355 -21.266   0.012  0.056 -0.476   0.315  0.223  0.842  -0.572 -0.282  1.338
 0.288  9.127 -20.526   0.004  0.060 -0.496   0.315  0.223  0.842  -0.672 -0.276  1.320
-0.781  8.932 -19.819   0.000  0.056 -0.524   0.315  0.223  0.842  -0.762 -0.254  1.295
-1.924  8.713 -18.567  -0.004  0.052 -0.556   0.375  0.127  0.833  -0.835 -0.235  1.267
-3.130  8.575 -17.386   0.004  0.064 -0.620   0.375  0.127  0.833  -0.933 -0.218  1.244
-4.384  8.484 -16.264   0.008  0.068 -0.672   0.375  0.127  0.833  -1.032 -0.201  1.209
-5.812  8.003 -14.821   0.004  0.076 -0.736   0.375  0.043  0.833  -1.105 -0.515  1.166
-7.219  7.866 -13.470   0.008  0.096 -0.800   0.421  0.043  0.848  -1.186 -0.231  1.134
-8.619  7.708 -12.209   0.012  0.104 -0.864   0.421  0.043  0.848  -1.229 -0.247  1.098
-9.937  7.488 -11.033   0.012  0.108 -0.924   0.421  0.043  0.848  -1.207 -0.274  1.066
-11.216  7.118 -9.247   0.012  0.108 -0.924   0.457 -0.092  0.844  -1.169 -0.295  1.050
-12.348  6.702 -7.596   0.016  0.124 -0.984   0.457 -0.092  0.844  -1.077 -0.309  1.045
-13.322  6.247 -6.035   0.016  0.132 -1.044   0.457 -0.092  0.844  -0.986 -0.314  1.046
-14.208  5.681 -3.972   0.012  0.140 -1.096   0.481 -0.199  0.827  -0.887 -0.284  1.055
-14.912  5.163 -2.137   0.008  0.152 -1.152   0.481 -0.199  0.827  -0.806 -0.242  1.041
-15.522  4.653 -0.287  -0.004  0.152 -1.256   0.481 -0.199  0.827  -0.758 -0.181  1.017
-16.069  4.120  1.838  -0.020  0.140 -1.288   0.501 -0.286  0.836  -0.747 -0.115  0.994
-16.635  3.653  3.775  -0.020  0.152 -1.324   0.501 -0.286  0.836  -0.783 -0.053  0.929
-17.183  3.267  5.451  -0.020  0.164 -1.364   0.501 -0.286  0.836  -0.806  0.007  0.865
-17.719  2.946  7.058  -0.012  0.160 -1.392   0.501 -0.286  0.836  -0.800  0.072  0.790
-18.196  2.652  8.747  -0.012  0.164 -1.420   0.512 -0.361  0.831  -0.755  0.143  0.700
-18.617  2.424 10.149  -0.012  0.180 -1.432   0.512 -0.361  0.831  -0.721  0.193  0.608
-19.016  2.256 11.489  -0.004  0.172 -1.432   0.512 -0.361  0.831  -0.699  0.244  0.537
-19.399  2.065 12.938   0.004  0.168 -1.424   0.496 -0.431  0.816  -0.686  0.267  0.460
-19.775  1.850 14.251   0.000  0.160 -1.408   0.496 -0.431  0.816  -0.706  0.266  0.383
-20.168  1.640 15.482   0.004  0.156 -1.384   0.496 -0.431  0.816  -0.733  0.277  0.361
-20.431  1.046 16.597   0.016  0.152 -1.332   0.475 -0.497  0.840  -0.724 -0.050  0.185
-20.367 -0.105 17.357  -0.008  0.136 -1.292   0.475 -0.497  0.840  -0.620 -0.517 -0.152
-20.162 -1.293 17.654  -0.052  0.112 -1.244   0.475 -0.497  0.840  -0.574 -0.535 -0.587
-20.008 -2.112 17.425  -0.072  0.116 -1.212   0.540 -0.532  0.823  -0.536 -0.237 -0.975
-19.997 -2.525 16.892  -0.080  0.104 -1.164   0.540 -0.532  0.823  -0.568  0.111 -1.249
-20.206 -2.665 16.281  -0.096  0.096 -1.132   0.540 -0.532  0.823  -0.706  0.396 -1.373
-20.799 -2.471 15.488  -0.096  0.084 -1.088   0.540 -0.532  0.823  -0.972  0.766 -1.550
-21.639 -2.021 14.429  -0.068  0.116 -1.040   0.543 -0.546  0.814  -1.075  1.003 -1.737
-22.321 -1.319 13.037  -0.040  0.148 -0.980   0.543 -0.546  0.814  -0.827  1.105 -1.914
-22.567 -0.474 11.495  -0.020  0.164 -0.932   0.543 -0.546  0.814  -0.432  1.115 -2.029
-22.541  0.382 10.137   0.004  0.152 -0.860   0.499 -0.566  0.840  -0.200  1.109 -2.062
-22.273  1.273  8.832   0.028  0.128 -0.812   0.499 -0.566  0.840  -0.016  1.064 -2.066
-21.829  2.054  7.558   0.040  0.128 -0.764   0.499 -0.566  0.840   0.144  0.936 -2.040
-21.215  2.665  6.176   0.048  0.120 -0.720   0.478 -0.483  0.857   0.263  0.724 -2.006
-20.518  3.111  4.915   0.056  0.092 -0.676   0.478 -0.483  0.857   0.292  0.563 -1.989
-19.854  3.296  3.754   0.052  0.080 -0.620   0.478 -0.483  0.857   0.254  0.352 -1.953
-19.168  3.377  2.408   0.056  0.072 -0.596   0.483 -0.382  0.857   0.243  0.190 -1.921
-18.447  3.255  1.184   0.044  0.064 -0.580   0.483 -0.382  0.857   0.268  0.056 -1.892
-17.749  3.021  0.041   0.040  0.064 -0.564   0.483 -0.382  0.857   0.274 -0.032 -1.859
-17.109  2.672 -0.980   0.028  0.064 -0.568   0.483 -0.382  0.857   0.240 -0.094 -1.810
-16.575  2.378 -2.022   0.032  0.056 -0.596   0.496 -0.327  0.868   0.124 -0.100 -1.747
-16.142  2.097 -2.941   0.020  0.064 -0.616   0.496 -0.327  0.868   0.063 -0.058 -1.667
-15.826  1.864 -3.818   0.020  0.084 -0.656   0.496 -0.327  0.868   0.014 -0.028 -1.604
-15.532  1.758 -4.769   0.016  0.088 -0.704   0.522 -0.260  0.861  -0.022  0.044 -1.486
-15.236  1.754 -5.571   0.012  0.100 -0.748   0.522 -0.260  0.861  -0.005  0.141 -1.367
-14.862  1.830 -6.246   0.008  0.108 -0.792   0.522 -0.260  0.861   0.067  0.229 -1.274
-14.287  2.069 -7.025   0.012  0.116 -0.844   0.501 -0.199  0.853   0.212  0.336 -1.159
-13.583  2.342 -7.631   0.012  0.116 -0.892   0.501 -0.199  0.853   0.345  0.409 -1.082
-12.824  2.678 -8.151   0.020  0.120 -0.940   0.501 -0.199  0.853   0.403  0.468 -1.028
-12.066  3.034 -8.590   0.016  0.116 -0.988   0.501 -0.199  0.853   0.402  0.513 -1.004
-11.300  3.519 -9.374   0.024  0.120 -1.020   0.470 -0.127  0.867   0.378  0.559 -1.025
-10.600  4.015 -10.081   0.024  0.116 -1.068   0.470 -0.127  0.867   0.350  0.613 -1.043
-9.900  4.541 -10.802   0.020  0.116 -1.116   0.470 -0.127  0.867   0.351  0.673 -1.089
-9.161  5.111 -11.965   0.028  0.112 -1.152   0.408 -0.040  0.859   0.364  0.683 -1.153
-8.458  5.682 -13.196   0.032  0.124 -1.188   0.408 -0.040  0.859   0.355  0.701 -1.221
-7.794  6.272 -14.409   0.044  0.128 -1.224   0.408 -0.040  0.859   0.325  0.724 -1.251
-7.170  6.909 -15.997   0.040  0.140 -1.252   0.333  0.009  0.863   0.279  0.751 -1.278
-6.554  7.508 -17.514   0.040  0.144 -1.264   0.333  0.009  0.863   0.279  0.754 -1.256
-5.918  8.052 -18.916   0.040  0.144 -1.264   0.333  0.009  0.863   0.307  0.746 -1.198
-5.272  8.505 -20.174   0.036  0.144 -1.272   0.333  0.009  0.863   0.339  0.713 -1.111
-4.537  8.924 -21.807   0.040  0.140 -1.296   0.256  0.069  0.870   0.379  0.680 -1.001
-3.822  9.263 -23.218   0.044  0.136 -1.296   0.256  0.069  0.870   0.384  0.641 -0.883
-3.168  9.563 -24.508   0.036  0.140 -1.292   0.256  0.069  0.870   0.357  0.628 -0.795
-2.516  9.883 -26.158   0.036  0.144 -1.272   0.199  0.118  0.848   0.323  0.612 -0.691
-1.910 10.158 -27.566   0.032  0.124 -1.268   0.199  0.118  0.848   0.276  0.607 -0.584
-1.336 10.469 -28.830   0.032  0.128 -1.252   0.199  0.118  0.848   0.243  0.645 -0.488
-0.694 10.794 -30.350   0.024  0.116 -1.224   0.145  0.130  0.850   0.245  0.684 -0.424
-0.059 11.118 -31.801   0.020  0.128 -1.204   0.145  0.130  0.850   0.251  0.706 -0.353
 0.575 11.439 -33.143   0.012  0.120 -1.176   0.145  0.130  0.850   0.237  0.744 -0.282
 1.227 11.767 -34.392   0.012  0.116 -1.132   0.145  0.130  0.850   0.240  0.785 -0.235
 1.960 12.161 -36.132   0.020  0.136 -1.100   0.078  0.168  0.855   0.237  0.802 -0.184
 2.717 12.496 -37.720   0.020  0.116 -1.060   0.078  0.168  0.855   0.243  0.821 -0.114
 3.469 12.779 -39.176   0.020  0.112 -1.040   0.078  0.168  0.855   0.251  0.817 -0.046
 4.271 13.066 -40.888   0.028  0.120 -1.008   0.026  0.205  0.838   0.245  0.807  0.003
 5.005 13.305 -42.456   0.032  0.116 -0.960   0.026  0.205  0.838   0.214  0.767  0.055
 5.685 13.457 -43.926   0.024  0.096 -0.928   0.026  0.205  0.838   0.191  0.733  0.109
 6.322 13.534 -45.268   0.024  0.084 -0.900   0.026  0.205  0.838   0.184  0.695  0.163
 7.026 13.614 -46.938   0.028  0.092 -0.872  -0.034  0.223  0.833   0.173  0.672  0.202
 7.641 13.598 -48.416   0.028  0.076 -0.832  -0.034  0.223  0.833   0.165  0.620  0.244
 8.177 13.578 -49.764   0.032  0.088 -0.828  -0.034  0.223  0.833   0.143  0.579  0.289
 8.701 13.553 -51.199   0.040  0.092 -0.808  -0.083  0.231  0.844   0.111  0.532  0.345
 9.140 13.504 -52.535   0.032  0.088 -0.772  -0.083  0.231  0.844   0.078  0.491  0.408
 9.528 13.446 -53.729   0.040  0.084 -0.764  -0.083  0.231  0.844   0.047  0.462  0.455
 9.825 13.366 -54.888   0.032  0.084 -0.748  -0.093  0.249  0.820   0.012  0.403  0.509
10.036 13.290 -55.874   0.040  0.096 -0.760  -0.093  0.249  0.820  -0.011  0.338  0.580
10.172 13.168 -56.762   0.040  0.096 -0.772  -0.093  0.249  0.820  -0.016  0.272  0.628
10.199 13.023 -57.524   0.036  0.100 -0.780  -0.093  0.249  0.818  -0.040  0.193  0.714
10.122 12.812 -58.201   0.040  0.088 -0.800  -0.098  0.249  0.818  -0.078  0.098  0.790
 9.933 12.588 -58.716   0.040  0.084 -0.816  -0.098  0.249  0.818  -0.118  0.005  0.870
 9.633 12.350 -59.081   0.044  0.084 -0.840  -0.098  0.249  0.818  -0.156 -0.092  0.956
 9.197 12.120 -59.197   0.044  0.096 -0.868  -0.070  0.263  0.838  -0.174 -0.177  1.005
 8.653 11.869 -59.247   0.040  0.096 -0.904  -0.070  0.263  0.838  -0.210 -0.271  1.065
 8.013 11.576 -59.250   0.032  0.092 -0.936  -0.070  0.263  0.838  -0.229 -0.366  1.127
 7.243 11.336 -58.701   0.048  0.104 -0.952   0.000  0.254  0.821  -0.259 -0.430  1.189
 6.414 11.091 -58.145   0.044  0.112 -0.976   0.000  0.254  0.821  -0.280 -0.497  1.227
 5.527 10.864 -57.574   0.036  0.116 -0.988   0.000  0.254  0.821  -0.321 -0.549  1.284
 4.570 10.634 -56.462   0.040  0.112 -1.012   0.075  0.237  0.835  -0.331 -0.571  1.335
 3.625 10.405 -55.397   0.028  0.116 -1.036   0.075  0.237  0.835  -0.344 -0.573  1.388
 2.717 10.182 -54.311   0.032  0.108 -1.056   0.075  0.237  0.835  -0.369 -0.571  1.418
 1.832  9.990 -53.292   0.020  0.112 -1.072   0.075  0.237  0.835  -0.393 -0.550  1.453
 0.924  9.846 -51.715   0.020  0.120 -1.100   0.160  0.214  0.844  -0.418 -0.501  1.490
 0.076  9.752 -50.194   0.024  0.124 -1.092   0.160  0.214  0.844  -0.440 -0.460  1.496
-0.724  9.680 -48.689   0.020  0.112 -1.104   0.160  0.214  0.844  -0.477 -0.419  1.526
-1.581  9.599 -46.612   0.012  0.112 -1.132   0.245  0.162  0.835  -0.508 -0.390  1.523
-2.410  9.577 -44.622   0.020  0.120 -1.124   0.245  0.162  0.835  -0.548 -0.357  1.521
-3.220  9.551 -42.716   0.016  0.116 -1.112   0.245  0.162  0.835  -0.574 -0.345  1.520
-4.035  9.544 -40.882   0.020  0.116 -1.116   0.245  0.162  0.835  -0.622 -0.342  1.507
-4.850  9.545 -39.132   0.024  0.120 -1.108   0.245  0.162  0.835  -0.651 -0.346  1.496
-5.687  9.538 -37.454   0.024  0.120 -1.100   0.245  0.162  0.835  -0.692 -0.364  1.490
-6.527  9.502 -35.846   0.020  0.116 -1.104   0.245  0.162  0.835  -0.721 -0.379  1.481
-7.500  9.357 -33.292   0.024  0.116 -1.088   0.354  0.032  0.855  -0.752 -0.401  1.474
-8.470  9.166 -30.854   0.020  0.116 -1.080   0.354  0.032  0.855  -0.778 -0.414  1.465
-9.434  8.943 -28.555   0.016  0.120 -1.076   0.354  0.032  0.855  -0.802 -0.423  1.449
-10.426  8.598 -25.798   0.008  0.112 -1.048   0.406 -0.064  0.848  -0.810 -0.425  1.429
-11.378  8.216 -23.162   0.004  0.104 -1.040   0.406 -0.064  0.848  -0.834 -0.418  1.394
-12.332  7.814 -20.543   0.008  0.104 -1.028   0.406 -0.064  0.848  -0.849 -0.397  1.368
-13.270  7.342 -17.576   0.012  0.092 -1.012   0.452 -0.165  0.855  -0.862 -0.374  1.324
-14.131  6.913 -14.969   0.020  0.108 -1.008   0.452 -0.165  0.855  -0.866 -0.346  1.284
-14.927  6.488 -12.498   0.012  0.104 -0.992   0.452 -0.165  0.855  -0.870 -0.295  1.249
-15.633  6.060 -10.188   0.004  0.104 -0.984   0.452 -0.165  0.855  -0.838 -0.251  1.203
-16.305  5.616 -7.701   0.008  0.104 -0.980   0.491 -0.260  0.852  -0.823 -0.197  1.145
-16.931  5.180 -5.380   0.004  0.104 -0.972   0.491 -0.260  0.852  -0.823 -0.160  1.085
-17.513  4.778 -3.244   0.004  0.116 -0.956   0.491 -0.260  0.852  -0.800 -0.115  1.046
-18.063  4.344 -0.967   0.004  0.116 -0.944   0.506 -0.353  0.829  -0.779 -0.074  0.984
-18.542  3.953  1.138   0.008  0.120 -0.948   0.506 -0.353  0.829  -0.741 -0.030  0.924
-18.978  3.576  3.086   0.008  0.124 -0.940   0.506 -0.353  0.829  -0.721 -0.006  0.873
-19.312  3.165  5.172   0.008  0.112 -0.956   0.501 -0.436  0.846  -0.661  0.016  0.815
-19.561  2.753  7.122  -0.004  0.108 -0.956   0.501 -0.436  0.846  -0.620  0.043  0.744
-19.731  2.368  8.949   0.004  0.104 -0.968   0.501 -0.436  0.846  -0.574  0.045  0.699
-19.870  1.987 10.647   0.004  0.108 -0.972   0.501 -0.436  0.846  -0.557  0.047  0.655
-19.982  1.627 12.368   0.016  0.104 -0.968   0.504 -0.503  0.842  -0.530  0.066  0.593
-20.025  1.259 13.999   0.016  0.096 -0.976   0.504 -0.503  0.842  -0.501  0.046  0.553
-19.978  0.837 15.421   0.012  0.096 -0.976   0.504 -0.503  0.842  -0.449 -0.010  0.419
-19.891  0.387 16.666   0.012  0.108 -0.980   0.501 -0.549  0.827  -0.402 -0.030  0.235
-19.736  0.045 17.556   0.004  0.108 -0.980   0.501 -0.549  0.827  -0.328  0.052 -0.044
-19.541 -0.058 18.122   0.000  0.116 -0.992   0.501 -0.549  0.827  -0.223  0.239 -0.292
-19.320  0.004 18.519   0.000  0.116 -1.004   0.494 -0.566  0.838  -0.151  0.372 -0.468
-19.108  0.074 18.802   0.008  0.108 -1.004   0.494 -0.566  0.838  -0.159  0.363 -0.560
-18.958  0.071 18.981   0.020  0.096 -1.000   0.494 -0.566  0.838  -0.239  0.292 -0.650
-18.818 -0.041 19.016   0.028  0.108 -1.008   0.494 -0.566  0.838  -0.254  0.187 -0.742
-18.602 -0.172 18.967   0.024  0.112 -1.004   0.494 -0.549  0.842  -0.192  0.146 -0.777
-18.234 -0.267 18.904   0.028  0.120 -1.004   0.494 -0.549  0.842  -0.038  0.117 -0.773
-17.709 -0.317 18.878   0.020  0.124 -1.000   0.494 -0.549  0.842   0.120  0.118 -0.744
-17.099 -0.302 18.761   0.024  0.124 -1.000   0.506 -0.520  0.838   0.217  0.113 -0.740
-16.471 -0.290 18.632   0.016  0.124 -0.996   0.506 -0.520  0.838   0.248  0.115 -0.764
-15.863 -0.266 18.454   0.012  0.124 -0.980   0.506 -0.520  0.838   0.257  0.129 -0.812
-15.222 -0.156 18.070   0.012  0.124 -0.976   0.517 -0.462  0.853   0.317  0.156 -0.841
-14.514  0.062 17.718   0.016  0.116 -0.972   0.517 -0.462  0.853   0.410  0.216 -0.840
-13.812  0.321 17.330   0.016  0.124 -0.960   0.517 -0.462  0.853   0.457  0.250 -0.860
-13.120  0.623 16.994   0.012  0.116 -0.964   0.517 -0.462  0.853   0.468  0.299 -0.850
-12.500  0.971 16.512   0.012  0.108 -0.980   0.509 -0.384  0.850   0.414  0.331 -0.823
-11.964  1.328 16.096   0.016  0.100 -0.968   0.509 -0.384  0.850   0.358  0.358 -0.794
-11.521  1.681 15.716   0.012  0.108 -0.952   0.509 -0.384  0.850   0.315  0.391 -0.756
-11.082  2.134 15.251   0.020  0.108 -0.956   0.491 -0.327  0.850   0.345  0.446 -0.687
-10.595  2.588 14.825   0.016  0.124 -0.956   0.491 -0.327  0.850   0.432  0.453 -0.621
-10.024  3.033 14.479   0.008  0.124 -0.948   0.491 -0.327  0.850   0.521  0.457 -0.564
-9.393  3.499 13.810   0.008  0.128 -0.952   0.491 -0.240  0.850   0.587  0.431 -0.536
-8.729  3.903 13.229   0.008  0.128 -0.960   0.452 -0.240  0.867   0.622  0.393 -0.510
-8.062  4.270 12.690   0.016  0.124 -0.976   0.452 -0.240  0.867   0.629  0.361 -0.507
-7.385  4.602 12.204   0.016  0.116 -0.980   0.452 -0.240  0.867   0.639  0.346 -0.505
-6.723  4.895 11.466   0.016  0.116 -0.980   0.437 -0.179  0.859   0.628  0.302 -0.510
-5.960  5.190 10.620   0.024  0.140 -0.988   0.437 -0.179  0.859   0.776  0.273 -0.530
-4.909  5.445  9.690   0.028  0.152 -1.016   0.437 -0.179  0.859   1.053  0.201 -0.574
-3.776  5.703  8.434   0.028  0.124 -1.024   0.426 -0.090  0.850   1.084  0.190 -0.609
-2.861  5.967  7.309   0.020  0.100 -1.040   0.426 -0.090  0.850   0.892  0.278 -0.642
-2.250  6.259  6.169   0.004  0.108 -1.056   0.426 -0.090  0.850   0.673  0.385 -0.692
-1.747  6.584  4.968   0.000  0.124 -1.068   0.426 -0.090  0.850   0.622  0.446 -0.735
-1.071  6.990  3.001  -0.008  0.160 -1.084   0.382  0.020  0.859   0.799  0.474 -0.759
 0.065  7.427  0.935  -0.008  0.176 -1.096   0.382  0.020  0.859   1.224  0.520 -0.807
 1.398  7.852 -0.936  -0.008  0.128 -1.096   0.382  0.020  0.859   1.345  0.600 -0.829
 2.541  8.375 -3.337  -0.020  0.084 -1.096   0.341  0.136  0.833   1.046  0.730 -0.840
 3.038  8.956 -5.495  -0.020  0.088 -1.084   0.341  0.136  0.833   0.544  0.828 -0.851
 3.363  9.616 -7.627  -0.016  0.108 -1.060   0.341  0.136  0.833   0.403  0.901 -0.854
 3.840 10.317 -10.351   0.004  0.124 -1.024   0.248  0.188  0.836   0.450  0.877 -0.866
 4.297 10.903 -12.977   0.008  0.108 -0.996   0.248  0.188  0.836   0.401  0.831 -0.893
 4.516 11.401 -15.388   0.004  0.100 -0.972   0.248  0.188  0.836   0.199  0.784 -0.922
 4.713 11.908 -18.143   0.016  0.108 -0.964   0.165  0.231  0.846   0.097  0.739 -0.926
 4.913 12.272 -20.832   0.020  0.120 -0.976   0.165  0.231  0.846   0.121  0.629 -0.926
 5.066 12.445 -23.360   0.020  0.100 -0.976   0.165  0.231  0.846   0.092  0.496 -0.898
 4.983 12.547 -25.672   0.024  0.092 -0.976   0.165  0.231  0.846  -0.093  0.371 -0.849
 4.794 12.650 -28.066   0.032  0.096 -0.976   0.114  0.249  0.829  -0.218  0.283 -0.794
 4.493 12.676 -30.290   0.040  0.100 -0.980   0.114  0.249  0.829  -0.277  0.156 -0.750
 4.050 12.600 -32.359   0.040  0.104 -0.980   0.114  0.249  0.829  -0.337 -0.000 -0.698
 3.512 12.402 -34.280   0.044  0.096 -0.968   0.093  0.214  0.838  -0.364 -0.159 -0.651
 2.878 12.132 -36.075   0.036  0.084 -0.952   0.093  0.214  0.838  -0.410 -0.268 -0.604
 2.110 11.905 -37.697   0.048  0.088 -0.956   0.093  0.214  0.838  -0.513 -0.356 -0.575
 1.257 11.651 -39.095   0.044  0.096 -0.944   0.103  0.179  0.844  -0.523 -0.440 -0.549
 0.438 11.375 -40.488   0.032  0.100 -0.948   0.103  0.179  0.844  -0.481 -0.461 -0.516
-0.348 11.112 -41.785   0.036  0.096 -0.956   0.103  0.179  0.844  -0.474 -0.473 -0.502
-1.167 10.926 -43.107   0.024  0.116 -0.960   0.103  0.179  0.844  -0.502 -0.477 -0.468
-1.971 10.727 -43.917   0.024  0.112 -0.964   0.147  0.145  0.842  -0.470 -0.456 -0.422
-2.669 10.497 -44.619   0.032  0.112 -0.968   0.147  0.145  0.842  -0.392 -0.453 -0.378
-3.245 10.175 -45.138   0.040  0.096 -0.968   0.147  0.145  0.842  -0.293 -0.466 -0.318
-3.886  9.838 -45.122   0.040  0.084 -0.976   0.186  0.110  0.853  -0.327 -0.484 -0.284
-4.556  9.567 -45.037   0.044  0.084 -0.984   0.186  0.110  0.853  -0.394 -0.491 -0.246
-5.274  9.379 -45.025   0.044  0.104 -0.984   0.186  0.110  0.853  -0.452 -0.501 -0.226
-6.013  9.115 -44.688   0.040  0.104 -0.988   0.227  0.092  0.861  -0.409 -0.511 -0.188
-6.646  8.820 -44.308   0.052  0.112 -0.996   0.227  0.092  0.861  -0.330 -0.511 -0.133
-7.201  8.460 -43.916   0.036  0.108 -1.004   0.227  0.092  0.861  -0.275 -0.499 -0.069
-7.698  8.187 -43.518   0.036  0.116 -1.008   0.227  0.092  0.861  -0.293 -0.460  0.003
-8.202  7.986 -42.700   0.036  0.108 -1.008   0.276  0.072  0.844  -0.359 -0.391  0.092
-8.684  7.881 -41.863   0.044  0.120 -1.008   0.276  0.072  0.844  -0.394 -0.345  0.165
-9.058  7.766 -40.967   0.040  0.120 -1.004   0.276  0.072  0.844  -0.334 -0.291  0.269
-9.329  7.574 -39.777   0.036  0.116 -1.000   0.313  0.046  0.853  -0.239 -0.249  0.362
-9.538  7.397 -38.539   0.036  0.112 -0.996   0.313  0.046  0.853  -0.222 -0.212  0.437
-9.746  7.285 -37.316   0.032  0.112 -0.988   0.313  0.046  0.853  -0.265 -0.166  0.474
-9.954  7.256 -35.821   0.036  0.112 -0.992   0.336  0.012  0.859  -0.309 -0.085  0.547
-10.080  7.256 -34.360   0.028  0.124 -1.016   0.336  0.012  0.859  -0.262 -0.009  0.624
-10.098  7.254 -32.905   0.028  0.124 -1.016   0.336  0.012  0.859  -0.188  0.044  0.678
-10.003  7.279 -31.466   0.032  0.128 -1.024   0.336  0.012  0.859  -0.112  0.111  0.731
-9.905  7.312 -29.886   0.024  0.116 -1.028   0.351 -0.003  0.842  -0.129  0.156  0.768
-9.778  7.399 -28.228   0.028  0.112 -1.016   0.351 -0.003  0.842  -0.130  0.200  0.807
-9.567  7.471 -26.594   0.032  0.112 -0.996   0.351 -0.003  0.842  -0.051  0.218  0.854
-9.279  7.494 -24.840   0.040  0.104 -0.988   0.344 -0.026  0.857   0.030  0.216  0.884
-9.037  7.514 -23.146   0.036  0.104 -0.984   0.344 -0.026  0.857   0.010  0.205  0.895
-8.897  7.548 -21.579   0.028  0.116 -0.984   0.344 -0.026  0.857  -0.042  0.194  0.896
-8.755  7.585 -20.160   0.036  0.116 -0.976   0.331 -0.017  0.861  -0.034  0.174  0.881
-8.607  7.597 -18.870   0.040  0.116 -0.988   0.331 -0.017  0.861  -0.011  0.155  0.868
-8.476  7.561 -17.632   0.032  0.112 -0.984   0.331 -0.017  0.861  -0.013  0.128  0.859
-8.429  7.484 -16.363   0.024  0.112 -0.988   0.339 -0.029  0.852  -0.063  0.098  0.854
-8.415  7.399 -15.101   0.020  0.104 -0.992   0.339 -0.029  0.852  -0.101  0.093  0.854
-8.436  7.288 -13.874   0.020  0.104 -1.000   0.339 -0.029  0.852  -0.126  0.062  0.859
-8.481  7.177 -12.739   0.032  0.116 -1.000   0.339 -0.029  0.852  -0.124  0.025  0.861
-8.530  7.006 -11.528   0.028  0.120 -0.988   0.346 -0.055  0.867  -0.101 -0.006  0.862
-8.576  6.802 -10.308   0.024  0.108 -0.980   0.346 -0.055  0.867  -0.115 -0.025  0.864
-8.731  6.580 -9.191   0.016  0.116 -0.976   0.346 -0.055  0.867  -0.194 -0.053  0.852
-8.951  6.355 -8.019   0.016  0.116 -0.912   0.370 -0.075  0.863  -0.236 -0.058  0.850
-9.107  6.101 -6.884   0.008  0.116 -0.960   0.370 -0.075  0.863  -0.199 -0.060  0.841
-9.170  5.863 -5.867   0.012  0.124 -0.964   0.370 -0.075  0.863  -0.113 -0.055  0.819
-9.193  5.611 -4.703   0.016  0.116 -0.956   0.382 -0.104  0.852  -0.086 -0.054  0.798
-9.224  5.345 -3.606   0.004  0.112 -0.944   0.382 -0.104  0.852  -0.101 -0.048  0.770
-9.230  5.108 -2.518   0.012  0.100 -0.948   0.382 -0.104  0.852  -0.107 -0.039  0.744
-9.227  4.921 -1.552   0.020  0.112 -0.960   0.382 -0.104  0.852  -0.083 -0.025  0.722
-9.193  4.723 -0.508   0.016  0.108 -0.964   0.393 -0.127  0.857  -0.060 -0.015  0.702
-9.191  4.518  0.387   0.016  0.124 -0.968   0.393 -0.127  0.857  -0.061 -0.034  0.672
-9.174  4.322  1.262   0.020  0.116 -0.968   0.393 -0.127  0.857  -0.063 -0.038  0.653
-9.114  4.120  2.083   0.020  0.108 -0.976   0.403 -0.124  0.861  -0.044 -0.048  0.620
-9.070  3.903  2.780   0.016  0.120 -0.972   0.403 -0.124  0.861  -0.036 -0.066  0.592
-9.031  3.703  3.425   0.020  0.116 -0.968   0.403 -0.124  0.861  -0.046 -0.065  0.555
-9.000  3.515  4.116   0.024  0.124 -0.984   0.421 -0.145  0.844  -0.038 -0.059  0.547
-8.952  3.332  4.752   0.020  0.124 -1.000   0.421 -0.145  0.844  -0.027 -0.052  0.515
-8.890  3.179  5.352   0.016  0.120 -1.008   0.421 -0.145  0.844  -0.021 -0.023  0.488
-8.810  3.055  5.906   0.012  0.120 -1.008   0.421 -0.145  0.844  -0.002  0.003  0.468
-8.685  2.971  6.427   0.016  0.116 -1.016   0.439 -0.147  0.853   0.033  0.024  0.444
-8.571  2.919  6.909   0.012  0.116 -1.000   0.439 -0.147  0.853   0.034  0.055  0.434
-8.469  2.897  7.347   0.012  0.108 -0.996   0.439 -0.147  0.853   0.017  0.083  0.383
-8.362  2.874  7.728   0.008  0.104 -0.996   0.439 -0.145  0.853   0.017  0.089  0.346
-8.248  2.872  8.040   0.012  0.108 -1.008   0.439 -0.145  0.853   0.034  0.095  0.310
-8.138  2.856  8.280   0.004  0.108 -1.004   0.439 -0.145  0.853   0.034  0.099  0.258
-8.061  2.850  8.447   0.008  0.108 -0.996   0.439 -0.145  0.853   0.012  0.101  0.206
-8.031  2.854  8.488   0.008  0.112 -0.984   0.439 -0.130  0.842  -0.016  0.106  0.178
-7.999  2.857  8.479   0.004  0.112 -0.976   0.439 -0.130  0.842  -0.012  0.112  0.138
-7.967  2.857  8.435   0.004  0.112 -0.988   0.439 -0.130  0.842  -0.013  0.110  0.103
-7.940  2.844  8.407   0.008  0.108 -0.980   0.429 -0.139  0.855  -0.023  0.098  0.066
-7.926  2.841  8.343   0.016  0.112 -0.984   0.429 -0.139  0.855  -0.025  0.089  0.049
-7.922  2.806  8.244   0.016  0.112 -0.980   0.429 -0.139  0.855  -0.038  0.062  0.018
-7.917  2.763  8.092   0.016  0.104 -0.984   0.426 -0.127  0.853  -0.055  0.052 -0.015
-7.927  2.712  7.907   0.016  0.104 -0.992   0.426 -0.127  0.853  -0.071  0.046 -0.053
-7.926  2.653  7.695   0.016  0.104 -0.996   0.426 -0.127  0.853  -0.063  0.036 -0.085
-7.898  2.611  7.450   0.020  0.104 -0.992   0.426 -0.127  0.853  -0.038  0.038 -0.118
-7.901  2.577  7.104   0.020  0.108 -0.980   0.437 -0.118  0.842  -0.055  0.039 -0.160
-7.933  2.537  6.763   0.012  0.100 -0.976   0.437 -0.118  0.842  -0.094  0.056 -0.198
-8.006  2.530  6.362   0.012  0.108 -0.972   0.437 -0.118  0.842  -0.111  0.082 -0.232
-8.057  2.563  5.886   0.016  0.112 -0.972   0.437 -0.118  0.863  -0.083  0.101 -0.263
-8.115  2.608  5.365   0.008  0.120 -0.980   0.437 -0.118  0.863  -0.077  0.124 -0.290
-8.174  2.659  4.833   0.004  0.116 -0.976   0.437 -0.118  0.863  -0.085  0.140 -0.331
-8.230  2.707  4.226  -0.004  0.132 -0.988   0.444 -0.110  0.852  -0.061  0.145 -0.345
-8.254  2.763  3.621   0.004  0.128 -0.980   0.444 -0.110  0.852  -0.042  0.137 -0.377
-8.244  2.830  3.097   0.012  0.116 -0.984   0.444 -0.110  0.852  -0.038  0.137 -0.376
-8.246  2.900  2.552   0.016  0.112 -0.980   0.421 -0.101  0.842  -0.056  0.133 -0.395
-8.255  2.953  2.011   0.016  0.112 -0.984   0.421 -0.101  0.842  -0.064  0.120 -0.414
-8.258  3.002  1.486   0.020  0.112 -0.984   0.421 -0.101  0.842  -0.061  0.110 -0.419
-8.258  3.049  0.988   0.024  0.108 -0.984   0.421 -0.101  0.842  -0.066  0.104 -0.430
-8.253  3.088  0.373   0.016  0.116 -0.992   0.413 -0.087  0.859  -0.052  0.101 -0.444
-8.236  3.106 -0.198   0.012  0.112 -0.992   0.413 -0.087  0.859  -0.050  0.094 -0.442
-8.225  3.139 -0.780   0.016  0.116 -0.988   0.413 -0.087  0.859  -0.046  0.096 -0.454
-8.238  3.209 -1.396   0.020  0.116 -0.972   0.416 -0.075  0.852  -0.067  0.113 -0.453
-8.238  3.295 -2.001   0.016  0.112 -0.972   0.416 -0.075  0.852  -0.064  0.137 -0.452
-8.238  3.379 -2.538   0.012  0.112 -0.976   0.416 -0.075  0.852  -0.067  0.150 -0.439
-8.249  3.509 -3.103   0.020  0.108 -0.984   0.413 -0.061  0.848  -0.091  0.170 -0.442
-8.284  3.624 -3.646   0.020  0.112 -0.992   0.413 -0.061  0.848  -0.107  0.159 -0.431
-8.313  3.728 -4.163   0.016  0.112 -0.988   0.413 -0.061  0.848  -0.104  0.160 -0.424
-8.330  3.823 -4.599   0.024  0.104 -0.984   0.413 -0.061  0.848  -0.108  0.144 -0.404
-8.354  3.909 -5.079   0.024  0.108 -0.988   0.398 -0.052  0.865  -0.111  0.129 -0.391
-8.385  3.970 -5.518   0.020  0.104 -0.980   0.398 -0.052  0.865  -0.123  0.120 -0.382
-8.381  4.012 -5.849   0.024  0.088 -0.976   0.398 -0.052  0.865  -0.122  0.106 -0.369
-8.359  4.045 -6.123   0.028  0.084 -0.980   0.398 -0.052  0.852  -0.113  0.096 -0.354
-8.381  4.094 -6.439   0.032  0.100 -0.988   0.398 -0.052  0.852  -0.124  0.093 -0.344
-8.372  4.148 -6.715   0.040  0.100 -0.988   0.398 -0.052  0.852  -0.099  0.085 -0.322
-8.366  4.173 -7.044   0.028  0.116 -0.984   0.390 -0.052  0.853  -0.069  0.077 -0.301
-8.344  4.174 -7.315   0.024  0.108 -0.984   0.390 -0.052  0.853  -0.068  0.069 -0.290
-8.338  4.185 -7.575   0.020  0.112 -0.976   0.390 -0.052  0.853  -0.073  0.082 -0.268
-8.325  4.180 -7.809   0.012  0.112 -0.984   0.390 -0.052  0.853  -0.068  0.085 -0.252
-8.282  4.198 -8.120   0.016  0.116 -0.988   0.380 -0.038  0.859  -0.040  0.088 -0.234
-8.227  4.221 -8.340   0.020  0.104 -0.984   0.380 -0.038  0.859  -0.051  0.094 -0.217
-8.191  4.277 -8.558   0.024  0.108 -0.988   0.380 -0.038  0.859  -0.063  0.111 -0.212
-8.153  4.330 -8.784   0.020  0.104 -0.996   0.380 -0.026  0.848  -0.071  0.115 -0.193
-8.084  4.405 -8.973   0.028  0.104 -0.992   0.380 -0.026  0.848  -0.046  0.124 -0.172
-8.020  4.502 -9.138   0.028  0.104 -0.984   0.380 -0.026  0.848  -0.050  0.144 -0.155
-8.002  4.608 -9.366   0.024  0.120 -0.988   0.367 -0.026  0.857  -0.062  0.146 -0.133
-7.977  4.696 -9.563   0.020  0.120 -0.988   0.367 -0.026  0.857  -0.053  0.144 -0.110
-7.929  4.769 -9.696   0.016  0.112 -0.976   0.367 -0.026  0.857  -0.044  0.148 -0.083
-7.910  4.852 -9.863   0.016  0.124 -0.968   0.367 -0.026  0.857  -0.045  0.146 -0.063
-7.895  4.922 -10.042   0.012  0.132 -0.984   0.367 -0.026  0.865  -0.036  0.141 -0.044
-7.845  4.984 -10.130   0.024  0.124 -0.984   0.367 -0.026  0.865  -0.019  0.124 -0.017
-7.807  5.017 -10.185   0.016  0.120 -0.976   0.367 -0.026  0.865  -0.030  0.117  0.004
-7.764  5.049 -10.214   0.020  0.112 -0.984   0.362 -0.017  0.842  -0.042  0.112  0.019
-7.692  5.048 -10.202   0.020  0.108 -0.988   0.362 -0.017  0.842  -0.019  0.091  0.036
-7.626  5.031 -10.183   0.020  0.108 -0.976   0.362 -0.017  0.842  -0.017  0.077  0.048
-7.572  5.004 -10.123   0.016  0.100 -0.984   0.362 -0.014  0.859  -0.041  0.076  0.073
-7.578  4.981 -10.077   0.012  0.104 -0.988   0.362 -0.014  0.859  -0.084  0.076  0.077
-7.574  4.973 -10.036   0.016  0.112 -0.996   0.362 -0.014  0.859  -0.064  0.078  0.103
-7.525  4.939 -9.998   0.008  0.112 -0.988   0.362 -0.014  0.859  -0.021  0.076  0.119
-7.501  4.906 -9.889   0.008  0.108 -0.996   0.357 -0.020  0.861  -0.049  0.078  0.136
-7.540  4.891 -9.841   0.000  0.116 -0.984   0.357 -0.020  0.861  -0.086  0.091  0.134
-7.564  4.920 -9.750   0.016  0.120 -0.992   0.357 -0.020  0.861  -0.077  0.100  0.168
-7.518  4.946 -9.627   0.020  0.104 -0.992   0.364 -0.006  0.848  -0.047  0.104  0.187
-7.523  4.965 -9.520   0.016  0.108 -0.984   0.364 -0.006  0.848  -0.080  0.095  0.198
-7.562  5.001 -9.403   0.020  0.108 -0.976   0.364 -0.006  0.848  -0.108  0.096  0.202
-7.599  5.021 -9.154   0.028  0.120 -0.992   0.359 -0.038  0.861  -0.083  0.084  0.217
-7.581  4.996 -8.870   0.020  0.108 -0.988   0.359 -0.038  0.861  -0.052  0.074  0.217
-7.610  4.961 -8.542   0.020  0.104 -0.992   0.359 -0.038  0.861  -0.097  0.062  0.242
-7.637  4.912 -8.196   0.016  0.100 -0.992   0.359 -0.038  0.861  -0.102  0.058  0.255
-7.610  4.850 -7.860   0.016  0.088 -1.000   0.351 -0.026  0.861  -0.082  0.052  0.269
-7.611  4.782 -7.587   0.012  0.100 -0.996   0.351 -0.026  0.861  -0.080  0.041  0.285
-7.639  4.700 -7.296   0.012  0.096 -0.988   0.351 -0.026  0.861  -0.108  0.027  0.294
-7.697  4.616 -6.997   0.016  0.104 -0.988   0.367 -0.032  0.852  -0.118  0.012  0.294
-7.738  4.509 -6.678   0.016  0.100 -0.976   0.367 -0.032  0.852  -0.107 -0.008  0.311
-7.777  4.368 -6.330   0.008  0.092 -0.984   0.367 -0.032  0.852  -0.121 -0.020  0.314
-7.859  4.244 -5.965   0.016  0.108 -0.984   0.362 -0.049  0.859  -0.128 -0.027  0.322
-7.937  4.129 -5.634   0.012  0.112 -0.988   0.362 -0.049  0.859  -0.121 -0.019  0.325
-7.996  4.031 -5.323   0.012  0.112 -0.984   0.362 -0.049  0.859  -0.108 -0.005  0.322
-8.068  3.956 -5.019   0.012  0.112 -0.992   0.362 -0.049  0.859  -0.124  0.011  0.323
-8.139  3.893 -4.551   0.020  0.096 -0.996   0.385 -0.061  0.863  -0.155  0.021  0.332
-8.247  3.857 -4.166   0.020  0.112 -0.996   0.385 -0.061  0.863  -0.157  0.034  0.325
-8.291  3.840 -3.783   0.024  0.108 -0.992   0.385 -0.061  0.863  -0.116  0.047  0.323
-8.317  3.781 -3.400   0.012  0.112 -0.992   0.388 -0.069  0.846  -0.093  0.038  0.324
-8.391  3.724 -3.024   0.020  0.108 -0.992   0.388 -0.069  0.846  -0.141  0.023  0.308
-8.486  3.667 -2.676   0.016  0.108 -0.984   0.388 -0.069  0.846  -0.161  0.027  0.302
-8.521  3.601 -2.270   0.020  0.108 -0.980   0.390 -0.084  0.859  -0.108  0.021  0.303
-8.518  3.522 -1.915   0.016  0.112 -0.976   0.390 -0.084  0.859  -0.068  0.013  0.296
-8.529  3.416 -1.541   0.008  0.104 -0.984   0.390 -0.084  0.859  -0.096  0.008  0.289
-8.570  3.332 -1.198   0.012  0.108 -0.988   0.390 -0.084  0.859  -0.117  0.013  0.288
-8.595  3.251 -0.905   0.016  0.116 -0.988   0.393 -0.087  0.859  -0.089  0.003  0.275
-8.556  3.172 -0.636   0.012  0.120 -0.992   0.393 -0.087  0.859  -0.028  0.010  0.284
-8.523  3.100 -0.359   0.016  0.112 -0.992   0.393 -0.087  0.859  -0.046  0.010  0.264
-8.533  3.025 -0.141   0.008  0.116 -0.992   0.411 -0.081  0.848  -0.075  0.014  0.259
-8.536  2.980  0.058   0.012  0.116 -0.984   0.411 -0.081  0.848  -0.069  0.030  0.252
-8.489  2.970  0.241   0.016  0.112 -0.968   0.411 -0.081  0.848  -0.029  0.052  0.237
-8.450  2.962  0.522   0.012  0.108 -0.976   0.411 -0.098  0.859  -0.041  0.074  0.235
-8.451  2.967  0.838   0.008  0.100 -0.976   0.411 -0.098  0.859  -0.089  0.098  0.229
-8.467  2.999  1.087   0.004  0.104 -0.988   0.411 -0.098  0.859  -0.097  0.129  0.204
-8.448  3.054  1.255   0.004  0.116 -0.992   0.411 -0.098  0.859  -0.044  0.144  0.193
-8.387  3.142  1.398   0.012  0.108 -0.984   0.408 -0.092  0.857  -0.021  0.157  0.174
-8.334  3.216  1.529   0.008  0.104 -0.980   0.408 -0.092  0.857  -0.033  0.159  0.154
-8.294  3.288  1.654   0.012  0.104 -0.980   0.408 -0.092  0.857  -0.041  0.152  0.152
-8.256  3.347  1.736   0.012  0.116 -0.980   0.406 -0.098  0.850  -0.019  0.138  0.134
-8.201  3.353  1.810   0.012  0.112 -0.972   0.406 -0.098  0.850  -0.010  0.098  0.121
-8.167  3.320  1.859   0.016  0.116 -0.972   0.406 -0.098  0.850  -0.019  0.054  0.116
-8.151  3.257  1.852   0.020  0.116 -0.972   0.401 -0.092  0.859  -0.036  0.017  0.101
-8.157  3.146  1.838   0.016  0.116 -0.980   0.401 -0.092  0.859  -0.057 -0.020  0.090
-8.190  3.014  1.823   0.020  0.112 -0.976   0.401 -0.092  0.859  -0.089 -0.048  0.071
-8.201  2.869  1.825   0.012  0.108 -0.984   0.401 -0.092  0.859  -0.079 -0.045  0.069
-8.199  2.737  1.780   0.012  0.108 -0.980   0.421 -0.087  0.855  -0.068 -0.042  0.054
-8.174  2.606  1.740   0.000  0.104 -0.976   0.421 -0.087  0.855  -0.055 -0.021  0.047
-8.159  2.538  1.670   0.008  0.112 -0.988   0.421 -0.087  0.855  -0.049  0.010  0.044
-8.128  2.501  1.579   0.004  0.108 -0.988   0.429 -0.078  0.848  -0.041  0.040  0.044
-8.125  2.508  1.490   0.008  0.108 -0.992   0.429 -0.078  0.848  -0.064  0.071  0.038
-8.167  2.534  1.372   0.004  0.112 -0.980   0.429 -0.078  0.848  -0.094  0.093  0.031
-8.177  2.564  1.328   0.012  0.104 -0.984   0.424 -0.087  0.859  -0.082  0.089  0.022
-8.164  2.627  1.282   0.020  0.100 -0.980   0.424 -0.087  0.859  -0.069  0.105  0.004
-8.203  2.713  1.195   0.024  0.108 -0.976   0.424 -0.087  0.859  -0.097  0.115 -0.003
-8.278  2.781  1.060   0.016  0.112 -0.988   0.424 -0.087  0.859  -0.126  0.118 -0.036
-8.368  2.831  0.894   0.004  0.112 -0.992   0.426 -0.084  0.850  -0.143  0.127 -0.059
-8.437  2.916  0.721   0.008  0.108 -0.988   0.426 -0.084  0.850  -0.130  0.150 -0.078
-8.462  3.029  0.538   0.016  0.112 -0.988   0.426 -0.084  0.850  -0.091  0.161 -0.086
-8.455  3.146  0.427   0.024  0.104 -0.992   0.416 -0.087  0.846  -0.079  0.160 -0.077
-8.499  3.248  0.334   0.028  0.104 -0.984   0.416 -0.087  0.846  -0.122  0.141 -0.066
-8.533  3.296  0.225   0.020  0.108 -0.988   0.416 -0.087  0.846  -0.110  0.112 -0.067
-8.512  3.302  0.124   0.020  0.100 -0.988   0.403 -0.081  0.861  -0.078  0.077 -0.058
-8.494  3.262 -0.020   0.020  0.112 -0.988   0.403 -0.081  0.861  -0.058  0.030 -0.050
-8.497  3.171 -0.156   0.020  0.108 -0.984   0.403 -0.081  0.861  -0.083 -0.014 -0.063
-8.516  3.038 -0.292   0.012  0.108 -0.984   0.403 -0.081  0.861  -0.096 -0.038 -0.066
-8.531  2.914 -0.476   0.012  0.108 -0.984   0.426 -0.072  0.857  -0.094 -0.039 -0.079
-8.540  2.828 -0.709   0.012  0.116 -0.976   0.426 -0.072  0.857  -0.073 -0.016 -0.091
-8.561  2.798 -0.933   0.012  0.116 -0.980   0.426 -0.072  0.857  -0.084  0.030 -0.095
-8.553  2.782 -1.158   0.012  0.120 -0.980   0.424 -0.075  0.846  -0.052  0.041 -0.105
-8.486  2.796 -1.377   0.008  0.120 -0.984   0.424 -0.075  0.846  -0.002  0.077 -0.105
-8.444  2.827 -1.582   0.004  0.116 -0.984   0.424 -0.075  0.846  -0.029  0.101 -0.114
-8.425  2.888 -1.814   0.008  0.124 -0.988   0.421 -0.075  0.859  -0.035  0.116 -0.111
-8.407  2.947 -2.049   0.012  0.120 -0.976   0.421 -0.075  0.859  -0.041  0.106 -0.124
-8.389  2.963 -2.226   0.004  0.108 -0.984   0.421 -0.075  0.859  -0.064  0.096 -0.132
-8.404  2.967 -2.377   0.004  0.104 -0.980   0.421 -0.075  0.859  -0.097  0.087 -0.133
-8.396  2.898 -2.583  -0.016  0.112 -0.988   0.421 -0.075  0.859  -0.063  0.063 -0.144
-8.355  2.876 -2.751   0.008  0.108 -0.980   0.421 -0.075  0.859  -0.042  0.055 -0.143
-8.334  2.878 -2.883   0.016  0.104 -0.984   0.421 -0.075  0.859  -0.067  0.060 -0.140
-8.328  2.886 -3.058   0.008  0.108 -0.992   0.419 -0.066  0.850  -0.074  0.074 -0.136
-8.318  2.921 -3.220   0.008  0.108 -0.984   0.419 -0.066  0.850  -0.071  0.098 -0.128
-8.338  2.996 -3.399   0.016  0.120 -0.992   0.419 -0.066  0.850  -0.078  0.111 -0.110
-8.366  3.068 -3.620   0.012  0.120 -0.980   0.413 -0.061  0.859  -0.082  0.110 -0.102
-8.350  3.108 -3.821   0.016  0.120 -0.968   0.413 -0.061  0.859  -0.042  0.080 -0.097
-8.309  3.121 -3.942   0.016  0.104 -0.972   0.413 -0.061  0.859  -0.050  0.068 -0.100
-8.276  3.124 -4.109   0.016  0.100 -0.964   0.413 -0.049  0.852  -0.063  0.055 -0.107
-8.249  3.114 -4.268   0.012  0.100 -0.964   0.413 -0.049  0.852  -0.066  0.052 -0.105
-8.248  3.102 -4.453   0.008  0.108 -0.968   0.413 -0.049  0.852  -0.073  0.051 -0.100
-8.256  3.108 -4.594   0.008  0.100 -0.972   0.413 -0.049  0.852  -0.099  0.071 -0.103
-8.277  3.109 -4.740   0.000  0.116 -0.972   0.419 -0.061  0.855  -0.077  0.080 -0.096
-8.235  3.124 -4.839   0.000  0.108 -0.980   0.419 -0.061  0.855  -0.042  0.101 -0.094
-8.215  3.170 -4.937   0.004  0.112 -0.980   0.419 -0.061  0.855  -0.053  0.117 -0.084
-8.171  3.217 -4.929   0.008  0.096 -0.984   0.421 -0.064  0.859  -0.064  0.123 -0.074
-8.122  3.251 -4.909   0.004  0.092 -0.984   0.421 -0.064  0.859  -0.064  0.123 -0.078
-8.103  3.320 -4.937   0.012  0.104 -0.980   0.421 -0.064  0.859  -0.068  0.132 -0.074
-8.109  3.407 -5.072   0.012  0.108 -0.984   0.411 -0.043  0.852  -0.086  0.134 -0.062
-8.114  3.494 -5.249   0.020  0.120 -0.984   0.411 -0.043  0.852  -0.064  0.116 -0.062
-8.104  3.573 -5.415   0.020  0.120 -0.976   0.411 -0.043  0.852  -0.049  0.111 -0.055
-8.082  3.636 -5.542   0.020  0.112 -0.976   0.411 -0.043  0.852  -0.053  0.106 -0.057
-8.072  3.690 -5.576   0.020  0.112 -0.980   0.401 -0.058  0.855  -0.061  0.107 -0.041
-8.045  3.731 -5.580   0.016  0.108 -0.980   0.401 -0.058  0.855  -0.052  0.109 -0.030
-8.033  3.745 -5.592   0.004  0.108 -0.968   0.401 -0.058  0.855  -0.061  0.109 -0.024
-8.021  3.761 -5.634   0.008  0.104 -0.976   0.403 -0.046  0.861  -0.071  0.099 -0.018
-7.997  3.766 -5.656   0.004  0.104 -0.984   0.403 -0.046  0.861  -0.061  0.099 -0.001
-7.968  3.764 -5.667   0.004  0.104 -0.992   0.403 -0.046  0.861  -0.058  0.094  0.004
-7.939  3.772 -5.605   0.012  0.092 -0.988   0.398 -0.046  0.848  -0.078  0.094  0.010
-7.941  3.789 -5.600   0.012  0.104 -0.984   0.398 -0.046  0.848  -0.082  0.093  0.013
-7.953  3.819 -5.584   0.016  0.104 -0.976   0.398 -0.046  0.848  -0.089  0.094  0.021
-7.984  3.845 -5.579   0.012  0.108 -0.980   0.398 -0.046  0.848  -0.100  0.098  0.030
-8.033  3.901 -5.614   0.016  0.120 -0.980   0.388 -0.049  0.853  -0.096  0.109  0.036
-8.061  3.944 -5.666   0.012  0.124 -0.980   0.388 -0.049  0.853  -0.072  0.106  0.042
-8.067  3.970 -5.681   0.004  0.116 -0.976   0.388 -0.049  0.853  -0.066  0.113  0.048
-8.090  3.983 -5.734  -0.004  0.124 -0.984   0.390 -0.049  0.861  -0.066  0.112  0.055
-8.088  4.008 -5.719   0.000  0.116 -0.988   0.390 -0.049  0.861  -0.063  0.124  0.073
-8.073  4.042 -5.678   0.008  0.112 -0.984   0.390 -0.049  0.861  -0.060  0.120  0.074
-8.067  4.080 -5.631   0.008  0.108 -0.988   0.388 -0.043  0.848  -0.075  0.124  0.085
-8.058  4.120 -5.583   0.012  0.108 -0.980   0.388 -0.043  0.848  -0.072  0.118  0.087
-8.042  4.143 -5.518   0.008  0.104 -0.972   0.388 -0.043  0.848  -0.071  0.116  0.094
-8.011  4.171 -5.424   0.016  0.100 -0.972   0.388 -0.043  0.848  -0.064  0.109  0.099
-8.011  4.200 -5.352   0.016  0.108 -0.972   0.370 -0.049  0.857  -0.074  0.105  0.103
-8.007  4.212 -5.277   0.012  0.108 -0.980   0.370 -0.049  0.857  -0.072  0.100  0.108
-8.025  4.238 -5.221   0.020  0.116 -0.984   0.370 -0.049  0.857  -0.078  0.091  0.119
-8.056  4.274 -5.147   0.024  0.116 -0.980   0.382 -0.049  0.857  -0.089  0.093  0.126
-8.061  4.285 -5.042   0.020  0.108 -0.976   0.382 -0.049  0.857  -0.080  0.087  0.129
-8.075  4.318 -4.959   0.028  0.116 -0.980   0.382 -0.049  0.857  -0.075  0.085  0.138
-8.086  4.316 -4.853   0.020  0.112 -0.984   0.390 -0.049  0.848  -0.078  0.076  0.140
-8.090  4.284 -4.719   0.012  0.108 -0.988   0.390 -0.049  0.848  -0.079  0.069  0.149
-8.096  4.247 -4.597   0.012  0.108 -0.984   0.390 -0.049  0.848  -0.079  0.065  0.146
-8.109  4.209 -4.427   0.012  0.108 -0.984   0.375 -0.061  0.855  -0.084  0.066  0.152
-8.117  4.190 -4.233   0.016  0.104 -0.984   0.375 -0.061  0.855  -0.088  0.076  0.158
-8.116  4.140 -4.071   0.004  0.108 -0.984   0.375 -0.061  0.855  -0.072  0.071  0.163
-8.109  4.101 -3.889   0.004  0.104 -0.984   0.375 -0.061  0.855  -0.074  0.080  0.168
-8.117  4.075 -3.789   0.004  0.112 -0.992   0.382 -0.055  0.867  -0.075  0.082  0.167
-8.122  4.079 -3.673   0.016  0.112 -0.992   0.382 -0.055  0.867  -0.074  0.084  0.175
-8.144  4.071 -3.584   0.012  0.116 -0.992   0.382 -0.055  0.867  -0.082  0.078  0.174
-8.168  4.075 -3.446   0.016  0.116 -0.984   0.377 -0.061  0.848  -0.082  0.084  0.185
-8.194  4.051 -3.315   0.008  0.116 -0.992   0.377 -0.061  0.848  -0.084  0.077  0.185
-8.191  4.032 -3.160   0.012  0.108 -0.988   0.377 -0.061  0.848  -0.074  0.078  0.176
-8.199  3.990 -3.041   0.012  0.112 -0.988   0.377 -0.061  0.863  -0.075  0.054  0.176
-8.197  3.970 -2.883   0.020  0.108 -0.992   0.390 -0.061  0.863  -0.075  0.060  0.185
-8.216  3.953 -2.766   0.020  0.112 -0.988   0.390 -0.061  0.863  -0.085  0.058  0.171
-8.217  3.924 -2.610   0.020  0.104 -0.988   0.390 -0.061  0.863  -0.085  0.052  0.178
-8.236  3.896 -2.500   0.020  0.112 -0.980   0.390 -0.061  0.863  -0.084  0.046  0.179
-8.257  3.855 -2.396   0.012  0.112 -0.988   0.390 -0.061  0.863  -0.086  0.052  0.175
-8.271  3.820 -2.276   0.020  0.108 -0.988   0.390 -0.061  0.863  -0.090  0.041  0.175
-8.312  3.759 -2.180   0.008  0.120 -1.000   0.395 -0.066  0.852  -0.091  0.039  0.173
-8.339  3.703 -2.076   0.008  0.116 -0.988   0.395 -0.066  0.852  -0.085  0.043  0.173
-8.359  3.668 -1.982   0.012  0.116 -0.976   0.395 -0.066  0.852  -0.079  0.050  0.171
-8.383  3.628 -1.823   0.016  0.116 -0.976   0.395 -0.081  0.865  -0.080  0.045  0.167
-8.433  3.576 -1.717   0.008  0.124 -0.976   0.395 -0.081  0.865  -0.088  0.044  0.164
-8.482  3.514 -1.652   0.004  0.128 -0.976   0.395 -0.081  0.865  -0.082  0.039  0.151
-8.490  3.453 -1.498   0.012  0.112 -0.980   0.395 -0.081  0.865  -0.078  0.033  0.158
-8.478  3.388 -1.354   0.004  0.100 -0.980   0.401 -0.072  0.857  -0.085  0.045  0.145
-8.458  3.329 -1.202   0.012  0.096 -0.984   0.401 -0.072  0.857  -0.085  0.035  0.135
-8.418  3.266 -1.028   0.008  0.092 -0.992   0.401 -0.072  0.857  -0.077  0.040  0.142
-8.398  3.208 -0.812   0.016  0.096 -0.980   0.411 -0.087  0.848  -0.080  0.033  0.130
-8.387  3.153 -0.637   0.012  0.100 -0.972   0.411 -0.087  0.848  -0.078  0.039  0.121
-8.391  3.103 -0.498   0.008  0.104 -0.972   0.411 -0.087  0.848  -0.084  0.047  0.114
-8.397  3.055 -0.472   0.008  0.108 -0.976   0.408 -0.072  0.855  -0.080  0.038  0.105
-8.422  3.039 -0.512   0.016  0.120 -0.976   0.408 -0.072  0.855  -0.074  0.040  0.097
-8.435  3.011 -0.498   0.012  0.112 -0.984   0.408 -0.072  0.855  -0.083  0.041  0.107
-8.406  2.973 -0.427   0.016  0.096 -0.988   0.408 -0.072  0.855  -0.077  0.034  0.090
-8.397  2.915 -0.372   0.004  0.104 -0.992   0.421 -0.078  0.853  -0.078  0.038  0.083
-8.384  2.880 -0.309   0.012  0.100 -0.988   0.421 -0.078  0.853  -0.082  0.044  0.073
-8.385  2.860 -0.283   0.016  0.108 -0.980   0.421 -0.078  0.853  -0.077  0.041  0.079
-8.391  2.832 -0.218   0.016  0.108 -0.980   0.426 -0.087  0.850  -0.079  0.040  0.069
-8.404  2.814 -0.170   0.020  0.108 -0.980   0.426 -0.087  0.850  -0.085  0.039  0.058
-8.437  2.805 -0.189   0.020  0.120 -0.976   0.426 -0.087  0.850  -0.080  0.039  0.048
-8.471  2.777 -0.254   0.008  0.120 -0.972   0.421 -0.081  0.859  -0.080  0.043  0.049
-8.502  2.749 -0.310   0.008  0.116 -0.968   0.421 -0.081  0.859  -0.085  0.044  0.041
-8.503  2.705 -0.328   0.000  0.108 -0.984   0.421 -0.081  0.859  -0.080  0.051  0.035
-8.492  2.667 -0.381   0.000  0.104 -0.984   0.432 -0.072  0.848  -0.079  0.052  0.022
-8.473  2.630 -0.430   0.000  0.104 -0.988   0.432 -0.072  0.848  -0.072  0.051  0.020
-8.447  2.612 -0.464   0.004  0.100 -0.988   0.432 -0.072  0.848  -0.073  0.060  0.015
-8.419  2.603 -0.506   0.008  0.100 -0.984   0.432 -0.072  0.848  -0.069  0.060  0.007
-8.437  2.624 -0.565   0.016  0.116 -0.984   0.426 -0.084  0.850  -0.078  0.067 -0.002
-8.442  2.639 -0.623   0.012  0.116 -0.992   0.426 -0.084  0.850  -0.068  0.071 -0.006
-8.457  2.657 -0.703   0.016  0.120 -0.996   0.426 -0.084  0.850  -0.071  0.065 -0.014
-8.469  2.673 -0.811   0.016  0.124 -0.988   0.429 -0.084  0.861  -0.060  0.060 -0.018
-8.469  2.696 -0.879   0.016  0.112 -0.972   0.429 -0.084  0.861  -0.069  0.072 -0.025
-8.461  2.687 -0.933   0.004  0.108 -0.976   0.429 -0.084  0.861  -0.069  0.071 -0.028
-8.463  2.701 -1.012   0.008  0.116 -0.992   0.429 -0.084  0.861  -0.067  0.079 -0.029
-8.447  2.721 -1.149   0.012  0.112 -0.984   0.434 -0.069  0.852  -0.060  0.072 -0.037
-8.438  2.757 -1.308   0.012  0.116 -0.988   0.434 -0.069  0.852  -0.058  0.084 -0.047
-8.410  2.800 -1.405   0.020  0.104 -0.976   0.434 -0.069  0.852  -0.062  0.080 -0.044
-8.415  2.820 -1.468   0.016  0.116 -0.984   0.434 -0.087  0.850  -0.066  0.074 -0.051
-8.409  2.832 -1.508   0.008  0.112 -1.004   0.434 -0.087  0.850  -0.069  0.088 -0.052
-8.397  2.844 -1.559   0.008  0.112 -0.996   0.434 -0.087  0.850  -0.062  0.087 -0.058
-8.392  2.886 -1.717   0.012  0.112 -0.988   0.426 -0.069  0.867  -0.068  0.093 -0.061
-8.373  2.918 -1.829   0.012  0.104 -0.984   0.426 -0.069  0.867  -0.071  0.091 -0.062
-8.358  2.949 -1.959   0.008  0.108 -0.992   0.426 -0.069  0.867  -0.068  0.098 -0.067
-8.342  2.935 -2.057  -0.008  0.108 -0.980   0.426 -0.075  0.848  -0.061  0.095 -0.067
-8.333  2.954 -2.159   0.004  0.112 -0.976   0.426 -0.075  0.848  -0.060  0.096 -0.062
-8.319  3.003 -2.261   0.012  0.112 -0.980   0.426 -0.075  0.848  -0.057  0.109 -0.070
-8.291  3.037 -2.317   0.008  0.104 -0.976   0.426 -0.075  0.848  -0.058  0.109 -0.062
-8.280  3.085 -2.399   0.012  0.112 -0.972   0.421 -0.078  0.848  -0.057  0.109 -0.063
-8.258  3.146 -2.437   0.020  0.104 -0.984   0.421 -0.078  0.848  -0.064  0.113 -0.072
-8.209  3.194 -2.447   0.020  0.096 -0.976   0.421 -0.078  0.848  -0.053  0.109 -0.074
-8.139  3.250 -2.550   0.016  0.088 -0.976   0.416 -0.055  0.859  -0.052  0.116 -0.075
-8.090  3.290 -2.665   0.012  0.092 -0.984   0.416 -0.055  0.859  -0.062  0.110 -0.075
-8.055  3.328 -2.809   0.012  0.100 -0.976   0.416 -0.055  0.859  -0.056  0.105 -0.069
-8.022  3.385 -2.947   0.016  0.100 -0.980   0.413 -0.055  0.852  -0.058  0.115 -0.075
-8.000  3.435 -3.091   0.016  0.104 -0.984   0.413 -0.055  0.852  -0.061  0.109 -0.072
-7.984  3.487 -3.220   0.016  0.104 -0.984   0.413 -0.055  0.852  -0.064  0.112 -0.064
-7.972  3.525 -3.363   0.008  0.108 -0.980   0.413 -0.055  0.852  -0.060  0.115 -0.058
-8.010  3.595 -3.557   0.016  0.128 -0.984   0.406 -0.064  0.852  -0.064  0.116 -0.066
-8.003  3.645 -3.629   0.016  0.108 -0.988   0.406 -0.064  0.852  -0.066  0.116 -0.051
-7.989  3.697 -3.691   0.020  0.108 -0.992   0.406 -0.064  0.852  -0.061  0.115 -0.051
-7.987  3.750 -3.844   0.016  0.112 -0.988   0.401 -0.052  0.867  -0.066  0.113 -0.050
-7.977  3.806 -3.969   0.016  0.108 -0.976   0.401 -0.052  0.867  -0.063  0.120 -0.041
-7.965  3.857 -4.097   0.016  0.108 -0.964   0.401 -0.052  0.867  -0.060  0.116 -0.042
-7.967  3.889 -4.221   0.008  0.108 -0.964   0.398 -0.049  0.850  -0.069  0.116 -0.031
-7.977  3.956 -4.358   0.016  0.116 -0.980   0.398 -0.049  0.850  -0.068  0.127 -0.029
-7.974  4.011 -4.460   0.016  0.112 -0.984   0.398 -0.049  0.850  -0.066  0.123 -0.020
-7.976  4.054 -4.559   0.016  0.112 -0.980   0.398 -0.049  0.850  -0.068  0.113 -0.019
-8.001  4.104 -4.656   0.012  0.120 -0.976   0.385 -0.058  0.855  -0.072  0.126 -0.015
